  [1m[35m (2.9ms)[0m  [1m[34mSELECT sqlite_version(*)[0m
  [1m[35m (5.1ms)[0m  [1m[35mCREATE TABLE "schema_migrations" ("version" varchar NOT NULL PRIMARY KEY)[0m
  [1m[35m (2.0ms)[0m  [1m[35mCREATE TABLE "ar_internal_metadata" ("key" varchar NOT NULL PRIMARY KEY, "value" varchar, "created_at" datetime NOT NULL, "updated_at" datetime NOT NULL)[0m
  [1m[35m (0.3ms)[0m  [1m[34mSELECT "schema_migrations"."version" FROM "schema_migrations" ORDER BY "schema_migrations"."version" ASC[0m
Migrating to CreateUsers (20190325133334)
  [1m[35m (0.1ms)[0m  [1m[36mbegin transaction[0m
  [1m[35m (0.6ms)[0m  [1m[35mCREATE TABLE "users" ("id" INTEGER PRIMARY KEY AUTOINCREMENT NOT NULL, "username" varchar, "first_name" varchar, "last_name" varchar, "bio" varchar, "created_at" datetime NOT NULL, "updated_at" datetime NOT NULL)[0m
  [1m[35mSQL (0.3ms)[0m  [1m[32mINSERT INTO "schema_migrations" ("version") VALUES (?)[0m  [["version", "20190325133334"]]
  [1m[35m (1.1ms)[0m  [1m[36mcommit transaction[0m
Migrating to CreatePosts (20190325134623)
  [1m[35m (0.2ms)[0m  [1m[36mbegin transaction[0m
  [1m[35m (0.7ms)[0m  [1m[35mCREATE TABLE "posts" ("id" INTEGER PRIMARY KEY AUTOINCREMENT NOT NULL, "img_url" varchar, "title" varchar, "description" varchar, "user_id" integer, "created_at" datetime NOT NULL, "updated_at" datetime NOT NULL, CONSTRAINT "fk_rails_5b5ddfd518"
FOREIGN KEY ("user_id")
  REFERENCES "users" ("id")
)[0m
  [1m[35m (0.3ms)[0m  [1m[35mCREATE  INDEX "index_posts_on_user_id" ON "posts" ("user_id")[0m
  [1m[35mSQL (0.2ms)[0m  [1m[32mINSERT INTO "schema_migrations" ("version") VALUES (?)[0m  [["version", "20190325134623"]]
  [1m[35m (1.0ms)[0m  [1m[36mcommit transaction[0m
Migrating to CreateComments (20190325135119)
  [1m[35m (0.1ms)[0m  [1m[36mbegin transaction[0m
  [1m[35m (0.8ms)[0m  [1m[35mCREATE TABLE "comments" ("id" INTEGER PRIMARY KEY AUTOINCREMENT NOT NULL, "text" varchar, "user_id" integer, "post_id" integer, "created_at" datetime NOT NULL, "updated_at" datetime NOT NULL, CONSTRAINT "fk_rails_03de2dc08c"
FOREIGN KEY ("user_id")
  REFERENCES "users" ("id")
, CONSTRAINT "fk_rails_2fd19c0db7"
FOREIGN KEY ("post_id")
  REFERENCES "posts" ("id")
)[0m
  [1m[35m (0.3ms)[0m  [1m[35mCREATE  INDEX "index_comments_on_user_id" ON "comments" ("user_id")[0m
  [1m[35m (0.1ms)[0m  [1m[34m            SELECT sql
            FROM sqlite_master
            WHERE name='index_comments_on_user_id' AND type='index'
            UNION ALL
            SELECT sql
            FROM sqlite_temp_master
            WHERE name='index_comments_on_user_id' AND type='index'
[0m
  [1m[35m (0.2ms)[0m  [1m[35mCREATE  INDEX "index_comments_on_post_id" ON "comments" ("post_id")[0m
  [1m[35mSQL (0.3ms)[0m  [1m[32mINSERT INTO "schema_migrations" ("version") VALUES (?)[0m  [["version", "20190325135119"]]
  [1m[35m (1.2ms)[0m  [1m[36mcommit transaction[0m
Migrating to CreateTags (20190325135603)
  [1m[35m (0.1ms)[0m  [1m[36mbegin transaction[0m
  [1m[35m (0.8ms)[0m  [1m[35mCREATE TABLE "tags" ("id" INTEGER PRIMARY KEY AUTOINCREMENT NOT NULL, "name" varchar, "created_at" datetime NOT NULL, "updated_at" datetime NOT NULL)[0m
  [1m[35mSQL (0.3ms)[0m  [1m[32mINSERT INTO "schema_migrations" ("version") VALUES (?)[0m  [["version", "20190325135603"]]
  [1m[35m (7.0ms)[0m  [1m[36mcommit transaction[0m
Migrating to CreatePostsTags (20190325140435)
  [1m[35m (0.1ms)[0m  [1m[36mbegin transaction[0m
  [1m[35m (0.8ms)[0m  [1m[35mCREATE TABLE "posts_tags" ("id" INTEGER PRIMARY KEY AUTOINCREMENT NOT NULL, "post_id" integer, "tag_id" integer, "created_at" datetime NOT NULL, "updated_at" datetime NOT NULL, CONSTRAINT "fk_rails_07fc65c276"
FOREIGN KEY ("post_id")
  REFERENCES "posts" ("id")
, CONSTRAINT "fk_rails_1997ccaabe"
FOREIGN KEY ("tag_id")
  REFERENCES "tags" ("id")
)[0m
  [1m[35m (0.3ms)[0m  [1m[35mCREATE  INDEX "index_posts_tags_on_post_id" ON "posts_tags" ("post_id")[0m
  [1m[35m (0.2ms)[0m  [1m[34m            SELECT sql
            FROM sqlite_master
            WHERE name='index_posts_tags_on_post_id' AND type='index'
            UNION ALL
            SELECT sql
            FROM sqlite_temp_master
            WHERE name='index_posts_tags_on_post_id' AND type='index'
[0m
  [1m[35m (0.3ms)[0m  [1m[35mCREATE  INDEX "index_posts_tags_on_tag_id" ON "posts_tags" ("tag_id")[0m
  [1m[35mSQL (0.3ms)[0m  [1m[32mINSERT INTO "schema_migrations" ("version") VALUES (?)[0m  [["version", "20190325140435"]]
  [1m[35m (2.1ms)[0m  [1m[36mcommit transaction[0m
Migrating to CreateLikes (20190325140711)
  [1m[35m (0.2ms)[0m  [1m[36mbegin transaction[0m
  [1m[35m (0.5ms)[0m  [1m[35mCREATE TABLE "likes" ("id" INTEGER PRIMARY KEY AUTOINCREMENT NOT NULL, "post_id" integer, "user_id" integer, "created_at" datetime NOT NULL, "updated_at" datetime NOT NULL, CONSTRAINT "fk_rails_87a8aac469"
FOREIGN KEY ("post_id")
  REFERENCES "posts" ("id")
, CONSTRAINT "fk_rails_1e09b5dabf"
FOREIGN KEY ("user_id")
  REFERENCES "users" ("id")
)[0m
  [1m[35m (0.2ms)[0m  [1m[35mCREATE  INDEX "index_likes_on_post_id" ON "likes" ("post_id")[0m
  [1m[35m (0.1ms)[0m  [1m[34m            SELECT sql
            FROM sqlite_master
            WHERE name='index_likes_on_post_id' AND type='index'
            UNION ALL
            SELECT sql
            FROM sqlite_temp_master
            WHERE name='index_likes_on_post_id' AND type='index'
[0m
  [1m[35m (0.6ms)[0m  [1m[35mCREATE  INDEX "index_likes_on_user_id" ON "likes" ("user_id")[0m
  [1m[35mSQL (0.2ms)[0m  [1m[32mINSERT INTO "schema_migrations" ("version") VALUES (?)[0m  [["version", "20190325140711"]]
  [1m[35m (1.2ms)[0m  [1m[36mcommit transaction[0m
  [1m[36mActiveRecord::InternalMetadata Load (0.3ms)[0m  [1m[34mSELECT  "ar_internal_metadata".* FROM "ar_internal_metadata" WHERE "ar_internal_metadata"."key" = ? LIMIT ?[0m  [["key", "environment"], ["LIMIT", 1]]
  [1m[35m (0.1ms)[0m  [1m[36mbegin transaction[0m
  [1m[35mSQL (0.4ms)[0m  [1m[32mINSERT INTO "ar_internal_metadata" ("key", "value", "created_at", "updated_at") VALUES (?, ?, ?, ?)[0m  [["key", "environment"], ["value", "development"], ["created_at", "2019-03-25 16:18:35.194136"], ["updated_at", "2019-03-25 16:18:35.194136"]]
  [1m[35m (0.7ms)[0m  [1m[36mcommit transaction[0m
  [1m[35m (0.3ms)[0m  [1m[34mSELECT "schema_migrations"."version" FROM "schema_migrations" ORDER BY "schema_migrations"."version" ASC[0m
  [1m[35m (0.1ms)[0m  [1m[34m            SELECT sql
            FROM sqlite_master
            WHERE name='index_comments_on_post_id' AND type='index'
            UNION ALL
            SELECT sql
            FROM sqlite_temp_master
            WHERE name='index_comments_on_post_id' AND type='index'
[0m
  [1m[35m (0.1ms)[0m  [1m[34m            SELECT sql
            FROM sqlite_master
            WHERE name='index_comments_on_user_id' AND type='index'
            UNION ALL
            SELECT sql
            FROM sqlite_temp_master
            WHERE name='index_comments_on_user_id' AND type='index'
[0m
  [1m[35m (0.1ms)[0m  [1m[34m            SELECT sql
            FROM sqlite_master
            WHERE name='index_likes_on_user_id' AND type='index'
            UNION ALL
            SELECT sql
            FROM sqlite_temp_master
            WHERE name='index_likes_on_user_id' AND type='index'
[0m
  [1m[35m (0.2ms)[0m  [1m[34m            SELECT sql
            FROM sqlite_master
            WHERE name='index_likes_on_post_id' AND type='index'
            UNION ALL
            SELECT sql
            FROM sqlite_temp_master
            WHERE name='index_likes_on_post_id' AND type='index'
[0m
  [1m[35m (0.1ms)[0m  [1m[34m            SELECT sql
            FROM sqlite_master
            WHERE name='index_posts_on_user_id' AND type='index'
            UNION ALL
            SELECT sql
            FROM sqlite_temp_master
            WHERE name='index_posts_on_user_id' AND type='index'
[0m
  [1m[35m (0.1ms)[0m  [1m[34m            SELECT sql
            FROM sqlite_master
            WHERE name='index_posts_tags_on_tag_id' AND type='index'
            UNION ALL
            SELECT sql
            FROM sqlite_temp_master
            WHERE name='index_posts_tags_on_tag_id' AND type='index'
[0m
  [1m[35m (0.1ms)[0m  [1m[34m            SELECT sql
            FROM sqlite_master
            WHERE name='index_posts_tags_on_post_id' AND type='index'
            UNION ALL
            SELECT sql
            FROM sqlite_temp_master
            WHERE name='index_posts_tags_on_post_id' AND type='index'
[0m
  [1m[35m (0.9ms)[0m  [1m[34mSELECT "schema_migrations"."version" FROM "schema_migrations" ORDER BY "schema_migrations"."version" ASC[0m
  [1m[35m (0.1ms)[0m  [1m[36mbegin transaction[0m
  [1m[35mSQL (1.7ms)[0m  [1m[32mINSERT INTO "users" ("username", "first_name", "last_name", "bio", "created_at", "updated_at") VALUES (?, ?, ?, ?, ?, ?)[0m  [["username", "zbb272"], ["first_name", "Zach"], ["last_name", "Berman"], ["bio", "Really amazing programmer extraordinarie"], ["created_at", "2019-03-25 16:33:47.665147"], ["updated_at", "2019-03-25 16:33:47.665147"]]
  [1m[35m (5.7ms)[0m  [1m[36mcommit transaction[0m
  [1m[35m (0.1ms)[0m  [1m[36mbegin transaction[0m
  [1m[35mSQL (0.4ms)[0m  [1m[32mINSERT INTO "users" ("username", "first_name", "last_name", "bio", "created_at", "updated_at") VALUES (?, ?, ?, ?, ?, ?)[0m  [["username", "bmnumbernumbernumber"], ["first_name", "Ben"], ["last_name", "Manekin"], ["bio", "Just a cool dude"], ["created_at", "2019-03-25 16:33:47.675833"], ["updated_at", "2019-03-25 16:33:47.675833"]]
  [1m[35m (1.0ms)[0m  [1m[36mcommit transaction[0m
  [1m[35m (0.1ms)[0m  [1m[36mbegin transaction[0m
  [1m[35mSQL (0.5ms)[0m  [1m[32mINSERT INTO "users" ("username", "first_name", "last_name", "bio", "created_at", "updated_at") VALUES (?, ?, ?, ?, ?, ?)[0m  [["username", "duke"], ["first_name", "Sean"], ["last_name", "Lucius"], ["bio", "gets mad ass "], ["created_at", "2019-03-25 16:33:47.678994"], ["updated_at", "2019-03-25 16:33:47.678994"]]
  [1m[35m (1.0ms)[0m  [1m[36mcommit transaction[0m
  [1m[35m (0.1ms)[0m  [1m[36mbegin transaction[0m
  [1m[35mSQL (0.7ms)[0m  [1m[32mINSERT INTO "users" ("username", "first_name", "last_name", "bio", "created_at", "updated_at") VALUES (?, ?, ?, ?, ?, ?)[0m  [["username", "minute"], ["first_name", "Miguel"], ["last_name", "Morales"], ["bio", "I'll write this later"], ["created_at", "2019-03-25 16:33:47.684486"], ["updated_at", "2019-03-25 16:33:47.684486"]]
  [1m[35m (1.4ms)[0m  [1m[36mcommit transaction[0m
  [1m[35m (0.1ms)[0m  [1m[36mbegin transaction[0m
  [1m[35mSQL (1.3ms)[0m  [1m[32mINSERT INTO "posts" ("img_url", "title", "description", "user_id", "created_at", "updated_at") VALUES (?, ?, ?, ?, ?, ?)[0m  [["img_url", "https://images.pexels.com/photos/2025839/pexels-photo-2025839.jpeg?auto=compress&cs=tinysrgb&dpr=1&w=500"], ["title", "Sticks"], ["description", "here is a really good stick"], ["user_id", 1], ["created_at", "2019-03-25 16:33:47.830913"], ["updated_at", "2019-03-25 16:33:47.830913"]]
  [1m[35m (0.8ms)[0m  [1m[36mcommit transaction[0m
  [1m[35m (0.1ms)[0m  [1m[36mbegin transaction[0m
  [1m[35mSQL (0.4ms)[0m  [1m[32mINSERT INTO "posts" ("img_url", "title", "description", "user_id", "created_at", "updated_at") VALUES (?, ?, ?, ?, ?, ?)[0m  [["img_url", "https://images.pexels.com/photos/2032249/pexels-photo-2032249.jpeg?auto=compress&cs=tinysrgb&dpr=1&w=500"], ["title", "Lady"], ["description", "here is a sleeping lady"], ["user_id", 2], ["created_at", "2019-03-25 16:33:47.835652"], ["updated_at", "2019-03-25 16:33:47.835652"]]
  [1m[35m (0.8ms)[0m  [1m[36mcommit transaction[0m
  [1m[35m (0.1ms)[0m  [1m[36mbegin transaction[0m
  [1m[35mSQL (0.4ms)[0m  [1m[32mINSERT INTO "posts" ("img_url", "title", "description", "user_id", "created_at", "updated_at") VALUES (?, ?, ?, ?, ?, ?)[0m  [["img_url", "https://images.pexels.com/photos/1405773/pexels-photo-1405773.jpeg?auto=compress&cs=tinysrgb&dpr=1&w=500"], ["title", "Leafs"], ["description", "here is a leaves in milk"], ["user_id", 3], ["created_at", "2019-03-25 16:33:47.838824"], ["updated_at", "2019-03-25 16:33:47.838824"]]
  [1m[35m (0.8ms)[0m  [1m[36mcommit transaction[0m
  [1m[35m (0.1ms)[0m  [1m[36mbegin transaction[0m
  [1m[35mSQL (0.8ms)[0m  [1m[32mINSERT INTO "posts" ("img_url", "title", "description", "user_id", "created_at", "updated_at") VALUES (?, ?, ?, ?, ?, ?)[0m  [["img_url", "https://images.pexels.com/photos/1769408/pexels-photo-1769408.jpeg?auto=compress&cs=tinysrgb&dpr=1&w=500"], ["title", "Window"], ["description", "here is a window"], ["user_id", 4], ["created_at", "2019-03-25 16:33:47.841774"], ["updated_at", "2019-03-25 16:33:47.841774"]]
  [1m[35m (0.9ms)[0m  [1m[36mcommit transaction[0m
  [1m[35m (0.3ms)[0m  [1m[36mbegin transaction[0m
  [1m[35mSQL (0.8ms)[0m  [1m[32mINSERT INTO "posts" ("img_url", "title", "description", "user_id", "created_at", "updated_at") VALUES (?, ?, ?, ?, ?, ?)[0m  [["img_url", "https://images.pexels.com/photos/1829190/pexels-photo-1829190.jpeg?auto=compress&cs=tinysrgb&dpr=1&w=500"], ["title", "Fence"], ["description", "here is a broken fence"], ["user_id", 1], ["created_at", "2019-03-25 16:33:47.846980"], ["updated_at", "2019-03-25 16:33:47.846980"]]
  [1m[35m (0.9ms)[0m  [1m[36mcommit transaction[0m
  [1m[35m (0.8ms)[0m  [1m[34mSELECT "schema_migrations"."version" FROM "schema_migrations" ORDER BY "schema_migrations"."version" ASC[0m
  [1m[35m (0.1ms)[0m  [1m[36mbegin transaction[0m
  [1m[35mSQL (1.3ms)[0m  [1m[32mINSERT INTO "users" ("username", "first_name", "last_name", "bio", "created_at", "updated_at") VALUES (?, ?, ?, ?, ?, ?)[0m  [["username", "zbb272"], ["first_name", "Zach"], ["last_name", "Berman"], ["bio", "Really amazing programmer extraordinarie"], ["created_at", "2019-03-25 16:39:47.305733"], ["updated_at", "2019-03-25 16:39:47.305733"]]
  [1m[35m (1.1ms)[0m  [1m[36mcommit transaction[0m
  [1m[35m (0.1ms)[0m  [1m[36mbegin transaction[0m
  [1m[35mSQL (0.5ms)[0m  [1m[32mINSERT INTO "users" ("username", "first_name", "last_name", "bio", "created_at", "updated_at") VALUES (?, ?, ?, ?, ?, ?)[0m  [["username", "bmnumbernumbernumber"], ["first_name", "Ben"], ["last_name", "Manekin"], ["bio", "Just a cool dude"], ["created_at", "2019-03-25 16:39:47.310999"], ["updated_at", "2019-03-25 16:39:47.310999"]]
  [1m[35m (0.8ms)[0m  [1m[36mcommit transaction[0m
  [1m[35m (0.1ms)[0m  [1m[36mbegin transaction[0m
  [1m[35mSQL (0.4ms)[0m  [1m[32mINSERT INTO "users" ("username", "first_name", "last_name", "bio", "created_at", "updated_at") VALUES (?, ?, ?, ?, ?, ?)[0m  [["username", "duke"], ["first_name", "Sean"], ["last_name", "Lucius"], ["bio", "gets mad ass "], ["created_at", "2019-03-25 16:39:47.314378"], ["updated_at", "2019-03-25 16:39:47.314378"]]
  [1m[35m (0.8ms)[0m  [1m[36mcommit transaction[0m
  [1m[35m (0.1ms)[0m  [1m[36mbegin transaction[0m
  [1m[35mSQL (0.4ms)[0m  [1m[32mINSERT INTO "users" ("username", "first_name", "last_name", "bio", "created_at", "updated_at") VALUES (?, ?, ?, ?, ?, ?)[0m  [["username", "minute"], ["first_name", "Miguel"], ["last_name", "Morales"], ["bio", "I'll write this later"], ["created_at", "2019-03-25 16:39:47.317335"], ["updated_at", "2019-03-25 16:39:47.317335"]]
  [1m[35m (0.9ms)[0m  [1m[36mcommit transaction[0m
  [1m[35m (0.1ms)[0m  [1m[36mbegin transaction[0m
  [1m[35mSQL (0.7ms)[0m  [1m[32mINSERT INTO "posts" ("img_url", "title", "description", "user_id", "created_at", "updated_at") VALUES (?, ?, ?, ?, ?, ?)[0m  [["img_url", "https://images.pexels.com/photos/2025839/pexels-photo-2025839.jpeg?auto=compress&cs=tinysrgb&dpr=1&w=500"], ["title", "Sticks"], ["description", "here is a really good stick"], ["user_id", 5], ["created_at", "2019-03-25 16:39:47.454412"], ["updated_at", "2019-03-25 16:39:47.454412"]]
  [1m[35m (1.0ms)[0m  [1m[36mcommit transaction[0m
  [1m[35m (0.1ms)[0m  [1m[36mbegin transaction[0m
  [1m[35mSQL (0.5ms)[0m  [1m[32mINSERT INTO "posts" ("img_url", "title", "description", "user_id", "created_at", "updated_at") VALUES (?, ?, ?, ?, ?, ?)[0m  [["img_url", "https://images.pexels.com/photos/2032249/pexels-photo-2032249.jpeg?auto=compress&cs=tinysrgb&dpr=1&w=500"], ["title", "Lady"], ["description", "here is a sleeping lady"], ["user_id", 6], ["created_at", "2019-03-25 16:39:47.459048"], ["updated_at", "2019-03-25 16:39:47.459048"]]
  [1m[35m (0.9ms)[0m  [1m[36mcommit transaction[0m
  [1m[35m (0.2ms)[0m  [1m[36mbegin transaction[0m
  [1m[35mSQL (0.4ms)[0m  [1m[32mINSERT INTO "posts" ("img_url", "title", "description", "user_id", "created_at", "updated_at") VALUES (?, ?, ?, ?, ?, ?)[0m  [["img_url", "https://images.pexels.com/photos/1405773/pexels-photo-1405773.jpeg?auto=compress&cs=tinysrgb&dpr=1&w=500"], ["title", "Leafs"], ["description", "here is a leaves in milk"], ["user_id", 7], ["created_at", "2019-03-25 16:39:47.463145"], ["updated_at", "2019-03-25 16:39:47.463145"]]
  [1m[35m (0.9ms)[0m  [1m[36mcommit transaction[0m
  [1m[35m (0.1ms)[0m  [1m[36mbegin transaction[0m
  [1m[35mSQL (0.5ms)[0m  [1m[32mINSERT INTO "posts" ("img_url", "title", "description", "user_id", "created_at", "updated_at") VALUES (?, ?, ?, ?, ?, ?)[0m  [["img_url", "https://images.pexels.com/photos/1769408/pexels-photo-1769408.jpeg?auto=compress&cs=tinysrgb&dpr=1&w=500"], ["title", "Window"], ["description", "here is a window"], ["user_id", 8], ["created_at", "2019-03-25 16:39:47.467108"], ["updated_at", "2019-03-25 16:39:47.467108"]]
  [1m[35m (0.9ms)[0m  [1m[36mcommit transaction[0m
  [1m[35m (0.1ms)[0m  [1m[36mbegin transaction[0m
  [1m[35mSQL (0.5ms)[0m  [1m[32mINSERT INTO "posts" ("img_url", "title", "description", "user_id", "created_at", "updated_at") VALUES (?, ?, ?, ?, ?, ?)[0m  [["img_url", "https://images.pexels.com/photos/1829190/pexels-photo-1829190.jpeg?auto=compress&cs=tinysrgb&dpr=1&w=500"], ["title", "Fence"], ["description", "here is a broken fence"], ["user_id", 5], ["created_at", "2019-03-25 16:39:47.471115"], ["updated_at", "2019-03-25 16:39:47.471115"]]
  [1m[35m (0.9ms)[0m  [1m[36mcommit transaction[0m
  [1m[35m (0.1ms)[0m  [1m[36mbegin transaction[0m
  [1m[35mSQL (0.5ms)[0m  [1m[32mINSERT INTO "tags" ("name", "created_at", "updated_at") VALUES (?, ?, ?)[0m  [["name", "Nature"], ["created_at", "2019-03-25 16:39:47.486333"], ["updated_at", "2019-03-25 16:39:47.486333"]]
  [1m[35m (1.0ms)[0m  [1m[36mcommit transaction[0m
  [1m[35m (0.1ms)[0m  [1m[36mbegin transaction[0m
  [1m[35mSQL (0.5ms)[0m  [1m[32mINSERT INTO "tags" ("name", "created_at", "updated_at") VALUES (?, ?, ?)[0m  [["name", "Weather"], ["created_at", "2019-03-25 16:39:47.490359"], ["updated_at", "2019-03-25 16:39:47.490359"]]
  [1m[35m (0.9ms)[0m  [1m[36mcommit transaction[0m
  [1m[35m (0.1ms)[0m  [1m[36mbegin transaction[0m
  [1m[35mSQL (0.5ms)[0m  [1m[32mINSERT INTO "tags" ("name", "created_at", "updated_at") VALUES (?, ?, ?)[0m  [["name", "Portait"], ["created_at", "2019-03-25 16:39:47.493858"], ["updated_at", "2019-03-25 16:39:47.493858"]]
  [1m[35m (0.8ms)[0m  [1m[36mcommit transaction[0m
  [1m[35m (0.1ms)[0m  [1m[36mbegin transaction[0m
  [1m[35mSQL (0.5ms)[0m  [1m[32mINSERT INTO "tags" ("name", "created_at", "updated_at") VALUES (?, ?, ?)[0m  [["name", "Colorful"], ["created_at", "2019-03-25 16:39:47.497286"], ["updated_at", "2019-03-25 16:39:47.497286"]]
  [1m[35m (1.0ms)[0m  [1m[36mcommit transaction[0m
  [1m[35m (0.1ms)[0m  [1m[36mbegin transaction[0m
  [1m[35mSQL (0.3ms)[0m  [1m[32mINSERT INTO "tags" ("name", "created_at", "updated_at") VALUES (?, ?, ?)[0m  [["name", "Vintage"], ["created_at", "2019-03-25 16:39:47.500653"], ["updated_at", "2019-03-25 16:39:47.500653"]]
  [1m[35m (0.9ms)[0m  [1m[36mcommit transaction[0m
  [1m[35m (0.1ms)[0m  [1m[36mbegin transaction[0m
  [1m[35mSQL (0.6ms)[0m  [1m[32mINSERT INTO "posts_tags" ("post_id", "tag_id", "created_at", "updated_at") VALUES (?, ?, ?, ?)[0m  [["post_id", 6], ["tag_id", 1], ["created_at", "2019-03-25 16:39:47.515785"], ["updated_at", "2019-03-25 16:39:47.515785"]]
  [1m[35m (1.0ms)[0m  [1m[36mcommit transaction[0m
  [1m[35m (0.1ms)[0m  [1m[36mbegin transaction[0m
  [1m[35mSQL (1.1ms)[0m  [1m[32mINSERT INTO "posts_tags" ("post_id", "tag_id", "created_at", "updated_at") VALUES (?, ?, ?, ?)[0m  [["post_id", 7], ["tag_id", 2], ["created_at", "2019-03-25 16:39:47.519404"], ["updated_at", "2019-03-25 16:39:47.519404"]]
  [1m[35m (1.2ms)[0m  [1m[36mcommit transaction[0m
  [1m[35m (1.3ms)[0m  [1m[36mbegin transaction[0m
  [1m[35mSQL (1.9ms)[0m  [1m[32mINSERT INTO "posts_tags" ("post_id", "tag_id", "created_at", "updated_at") VALUES (?, ?, ?, ?)[0m  [["post_id", 8], ["tag_id", 3], ["created_at", "2019-03-25 16:39:47.528972"], ["updated_at", "2019-03-25 16:39:47.528972"]]
  [1m[35m (6.0ms)[0m  [1m[36mcommit transaction[0m
  [1m[35m (0.1ms)[0m  [1m[36mbegin transaction[0m
  [1m[35mSQL (0.6ms)[0m  [1m[32mINSERT INTO "posts_tags" ("post_id", "tag_id", "created_at", "updated_at") VALUES (?, ?, ?, ?)[0m  [["post_id", 9], ["tag_id", 4], ["created_at", "2019-03-25 16:39:47.541762"], ["updated_at", "2019-03-25 16:39:47.541762"]]
  [1m[35m (0.9ms)[0m  [1m[36mcommit transaction[0m
  [1m[35m (0.1ms)[0m  [1m[36mbegin transaction[0m
  [1m[35mSQL (0.6ms)[0m  [1m[32mINSERT INTO "posts_tags" ("post_id", "tag_id", "created_at", "updated_at") VALUES (?, ?, ?, ?)[0m  [["post_id", 10], ["tag_id", 5], ["created_at", "2019-03-25 16:39:47.548479"], ["updated_at", "2019-03-25 16:39:47.548479"]]
  [1m[35m (0.9ms)[0m  [1m[36mcommit transaction[0m
  [1m[35m (0.2ms)[0m  [1m[34mSELECT "schema_migrations"."version" FROM "schema_migrations" ORDER BY "schema_migrations"."version" ASC[0m
  [1m[35m (0.2ms)[0m  [1m[34mSELECT "schema_migrations"."version" FROM "schema_migrations" ORDER BY "schema_migrations"."version" ASC[0m
  [1m[35m (0.2ms)[0m  [1m[34mSELECT "schema_migrations"."version" FROM "schema_migrations" ORDER BY "schema_migrations"."version" ASC[0m
  [1m[36mUser Load (0.2ms)[0m  [1m[34mSELECT "users".* FROM "users"[0m
  [1m[35m (0.1ms)[0m  [1m[36mbegin transaction[0m
  [1m[35mSQL (3.1ms)[0m  [1m[31mDELETE FROM "users" WHERE "users"."id" = ?[0m  [["id", 1]]
  [1m[35m (0.6ms)[0m  [1m[31mrollback transaction[0m
  [1m[35m (0.3ms)[0m  [1m[34mSELECT "schema_migrations"."version" FROM "schema_migrations" ORDER BY "schema_migrations"."version" ASC[0m
  [1m[35mSQL (1.6ms)[0m  [1m[31mDELETE FROM "users"[0m
  [1m[35m (0.4ms)[0m  [1m[34mSELECT "schema_migrations"."version" FROM "schema_migrations" ORDER BY "schema_migrations"."version" ASC[0m
  [1m[35m (0.3ms)[0m  [1m[34mSELECT "ar_internal_metadata"."value" FROM "ar_internal_metadata" WHERE "ar_internal_metadata"."key" = ?[0m  [["key", "environment"]]
  [1m[35m (0.1ms)[0m  [1m[34mSELECT "schema_migrations"."version" FROM "schema_migrations" ORDER BY "schema_migrations"."version" ASC[0m
  [1m[35m (0.1ms)[0m  [1m[34mSELECT "ar_internal_metadata"."value" FROM "ar_internal_metadata" WHERE "ar_internal_metadata"."key" = ?[0m  [["key", "environment"]]
  [1m[35m (0.1ms)[0m  [1m[34mSELECT "schema_migrations"."version" FROM "schema_migrations" ORDER BY "schema_migrations"."version" ASC[0m
  [1m[35m (0.1ms)[0m  [1m[34mSELECT "ar_internal_metadata"."value" FROM "ar_internal_metadata" WHERE "ar_internal_metadata"."key" = ?[0m  [["key", "environment"]]
  [1m[35m (0.2ms)[0m  [1m[35mDROP TABLE IF EXISTS "comments"[0m
  [1m[35m (0.5ms)[0m  [1m[34mSELECT sqlite_version(*)[0m
  [1m[35m (4.2ms)[0m  [1m[35mCREATE TABLE "comments" ("id" INTEGER PRIMARY KEY AUTOINCREMENT NOT NULL, "text" varchar, "user_id" integer, "post_id" integer, "created_at" datetime NOT NULL, "updated_at" datetime NOT NULL)[0m
  [1m[35m (3.4ms)[0m  [1m[35mCREATE  INDEX "index_comments_on_post_id" ON "comments" ("post_id")[0m
  [1m[35m (0.2ms)[0m  [1m[34m            SELECT sql
            FROM sqlite_master
            WHERE name='index_comments_on_post_id' AND type='index'
            UNION ALL
            SELECT sql
            FROM sqlite_temp_master
            WHERE name='index_comments_on_post_id' AND type='index'
[0m
  [1m[35m (1.4ms)[0m  [1m[35mCREATE  INDEX "index_comments_on_user_id" ON "comments" ("user_id")[0m
  [1m[35m (0.3ms)[0m  [1m[35mDROP TABLE IF EXISTS "likes"[0m
  [1m[35m (1.9ms)[0m  [1m[35mCREATE TABLE "likes" ("id" INTEGER PRIMARY KEY AUTOINCREMENT NOT NULL, "post_id" integer, "user_id" integer, "created_at" datetime NOT NULL, "updated_at" datetime NOT NULL)[0m
  [1m[35m (12.6ms)[0m  [1m[35mCREATE  INDEX "index_likes_on_post_id" ON "likes" ("post_id")[0m
  [1m[35m (0.2ms)[0m  [1m[34m            SELECT sql
            FROM sqlite_master
            WHERE name='index_likes_on_post_id' AND type='index'
            UNION ALL
            SELECT sql
            FROM sqlite_temp_master
            WHERE name='index_likes_on_post_id' AND type='index'
[0m
  [1m[35m (2.0ms)[0m  [1m[35mCREATE  INDEX "index_likes_on_user_id" ON "likes" ("user_id")[0m
  [1m[35m (0.7ms)[0m  [1m[35mDROP TABLE IF EXISTS "posts"[0m
  [1m[35m (27.3ms)[0m  [1m[35mCREATE TABLE "posts" ("id" INTEGER PRIMARY KEY AUTOINCREMENT NOT NULL, "img_url" varchar, "title" varchar, "description" varchar, "user_id" integer, "created_at" datetime NOT NULL, "updated_at" datetime NOT NULL)[0m
  [1m[35m (2.4ms)[0m  [1m[35mCREATE  INDEX "index_posts_on_user_id" ON "posts" ("user_id")[0m
  [1m[35m (0.3ms)[0m  [1m[35mDROP TABLE IF EXISTS "posts_tags"[0m
  [1m[35m (4.2ms)[0m  [1m[35mCREATE TABLE "posts_tags" ("id" INTEGER PRIMARY KEY AUTOINCREMENT NOT NULL, "post_id" integer, "tag_id" integer, "created_at" datetime NOT NULL, "updated_at" datetime NOT NULL)[0m
  [1m[35m (2.0ms)[0m  [1m[35mCREATE  INDEX "index_posts_tags_on_post_id" ON "posts_tags" ("post_id")[0m
  [1m[35m (0.3ms)[0m  [1m[34m            SELECT sql
            FROM sqlite_master
            WHERE name='index_posts_tags_on_post_id' AND type='index'
            UNION ALL
            SELECT sql
            FROM sqlite_temp_master
            WHERE name='index_posts_tags_on_post_id' AND type='index'
[0m
  [1m[35m (3.3ms)[0m  [1m[35mCREATE  INDEX "index_posts_tags_on_tag_id" ON "posts_tags" ("tag_id")[0m
  [1m[35m (0.4ms)[0m  [1m[35mDROP TABLE IF EXISTS "tags"[0m
  [1m[35m (1.6ms)[0m  [1m[35mCREATE TABLE "tags" ("id" INTEGER PRIMARY KEY AUTOINCREMENT NOT NULL, "name" varchar, "created_at" datetime NOT NULL, "updated_at" datetime NOT NULL)[0m
  [1m[35m (0.4ms)[0m  [1m[35mDROP TABLE IF EXISTS "users"[0m
  [1m[35m (10.6ms)[0m  [1m[35mCREATE TABLE "users" ("id" INTEGER PRIMARY KEY AUTOINCREMENT NOT NULL, "username" varchar, "first_name" varchar, "last_name" varchar, "bio" varchar, "created_at" datetime NOT NULL, "updated_at" datetime NOT NULL)[0m
  [1m[35m (1.8ms)[0m  [1m[35mCREATE TABLE "schema_migrations" ("version" varchar NOT NULL PRIMARY KEY)[0m
  [1m[35m (0.3ms)[0m  [1m[34mSELECT "schema_migrations"."version" FROM "schema_migrations" ORDER BY "schema_migrations"."version" ASC[0m
  [1m[35m (1.8ms)[0m  [1m[32mINSERT INTO "schema_migrations" (version) VALUES (20190325140711)[0m
  [1m[35m (6.9ms)[0m  [1m[32mINSERT INTO "schema_migrations" (version) VALUES
(20190325133334),
(20190325134623),
(20190325135119),
(20190325135603),
(20190325140435);

[0m
  [1m[35m (2.4ms)[0m  [1m[35mCREATE TABLE "ar_internal_metadata" ("key" varchar NOT NULL PRIMARY KEY, "value" varchar, "created_at" datetime NOT NULL, "updated_at" datetime NOT NULL)[0m
  [1m[36mActiveRecord::InternalMetadata Load (0.3ms)[0m  [1m[34mSELECT  "ar_internal_metadata".* FROM "ar_internal_metadata" WHERE "ar_internal_metadata"."key" = ? LIMIT ?[0m  [["key", "environment"], ["LIMIT", 1]]
  [1m[35m (0.1ms)[0m  [1m[36mbegin transaction[0m
  [1m[35mSQL (0.7ms)[0m  [1m[32mINSERT INTO "ar_internal_metadata" ("key", "value", "created_at", "updated_at") VALUES (?, ?, ?, ?)[0m  [["key", "environment"], ["value", "development"], ["created_at", "2019-03-25 16:45:41.111893"], ["updated_at", "2019-03-25 16:45:41.111893"]]
  [1m[35m (0.9ms)[0m  [1m[36mcommit transaction[0m
  [1m[36mActiveRecord::InternalMetadata Load (0.2ms)[0m  [1m[34mSELECT  "ar_internal_metadata".* FROM "ar_internal_metadata" WHERE "ar_internal_metadata"."key" = ? LIMIT ?[0m  [["key", "environment"], ["LIMIT", 1]]
  [1m[35m (0.1ms)[0m  [1m[36mbegin transaction[0m
  [1m[35m (0.1ms)[0m  [1m[36mcommit transaction[0m
  [1m[35m (6.5ms)[0m  [1m[35mDROP TABLE IF EXISTS "comments"[0m
  [1m[35m (0.2ms)[0m  [1m[34mSELECT sqlite_version(*)[0m
  [1m[35m (3.0ms)[0m  [1m[35mCREATE TABLE "comments" ("id" INTEGER PRIMARY KEY AUTOINCREMENT NOT NULL, "text" varchar, "user_id" integer, "post_id" integer, "created_at" datetime NOT NULL, "updated_at" datetime NOT NULL)[0m
  [1m[35m (1.3ms)[0m  [1m[35mCREATE  INDEX "index_comments_on_post_id" ON "comments" ("post_id")[0m
  [1m[35m (0.2ms)[0m  [1m[34m            SELECT sql
            FROM sqlite_master
            WHERE name='index_comments_on_post_id' AND type='index'
            UNION ALL
            SELECT sql
            FROM sqlite_temp_master
            WHERE name='index_comments_on_post_id' AND type='index'
[0m
  [1m[35m (2.1ms)[0m  [1m[35mCREATE  INDEX "index_comments_on_user_id" ON "comments" ("user_id")[0m
  [1m[35m (0.2ms)[0m  [1m[35mDROP TABLE IF EXISTS "likes"[0m
  [1m[35m (1.5ms)[0m  [1m[35mCREATE TABLE "likes" ("id" INTEGER PRIMARY KEY AUTOINCREMENT NOT NULL, "post_id" integer, "user_id" integer, "created_at" datetime NOT NULL, "updated_at" datetime NOT NULL)[0m
  [1m[35m (1.2ms)[0m  [1m[35mCREATE  INDEX "index_likes_on_post_id" ON "likes" ("post_id")[0m
  [1m[35m (0.2ms)[0m  [1m[34m            SELECT sql
            FROM sqlite_master
            WHERE name='index_likes_on_post_id' AND type='index'
            UNION ALL
            SELECT sql
            FROM sqlite_temp_master
            WHERE name='index_likes_on_post_id' AND type='index'
[0m
  [1m[35m (1.2ms)[0m  [1m[35mCREATE  INDEX "index_likes_on_user_id" ON "likes" ("user_id")[0m
  [1m[35m (0.2ms)[0m  [1m[35mDROP TABLE IF EXISTS "posts"[0m
  [1m[35m (1.8ms)[0m  [1m[35mCREATE TABLE "posts" ("id" INTEGER PRIMARY KEY AUTOINCREMENT NOT NULL, "img_url" varchar, "title" varchar, "description" varchar, "user_id" integer, "created_at" datetime NOT NULL, "updated_at" datetime NOT NULL)[0m
  [1m[35m (1.2ms)[0m  [1m[35mCREATE  INDEX "index_posts_on_user_id" ON "posts" ("user_id")[0m
  [1m[35m (0.5ms)[0m  [1m[35mDROP TABLE IF EXISTS "posts_tags"[0m
  [1m[35m (1.6ms)[0m  [1m[35mCREATE TABLE "posts_tags" ("id" INTEGER PRIMARY KEY AUTOINCREMENT NOT NULL, "post_id" integer, "tag_id" integer, "created_at" datetime NOT NULL, "updated_at" datetime NOT NULL)[0m
  [1m[35m (1.4ms)[0m  [1m[35mCREATE  INDEX "index_posts_tags_on_post_id" ON "posts_tags" ("post_id")[0m
  [1m[35m (0.2ms)[0m  [1m[34m            SELECT sql
            FROM sqlite_master
            WHERE name='index_posts_tags_on_post_id' AND type='index'
            UNION ALL
            SELECT sql
            FROM sqlite_temp_master
            WHERE name='index_posts_tags_on_post_id' AND type='index'
[0m
  [1m[35m (1.2ms)[0m  [1m[35mCREATE  INDEX "index_posts_tags_on_tag_id" ON "posts_tags" ("tag_id")[0m
  [1m[35m (0.2ms)[0m  [1m[35mDROP TABLE IF EXISTS "tags"[0m
  [1m[35m (1.1ms)[0m  [1m[35mCREATE TABLE "tags" ("id" INTEGER PRIMARY KEY AUTOINCREMENT NOT NULL, "name" varchar, "created_at" datetime NOT NULL, "updated_at" datetime NOT NULL)[0m
  [1m[35m (0.7ms)[0m  [1m[35mDROP TABLE IF EXISTS "users"[0m
  [1m[35m (2.3ms)[0m  [1m[35mCREATE TABLE "users" ("id" INTEGER PRIMARY KEY AUTOINCREMENT NOT NULL, "username" varchar, "first_name" varchar, "last_name" varchar, "bio" varchar, "created_at" datetime NOT NULL, "updated_at" datetime NOT NULL)[0m
  [1m[35m (1.3ms)[0m  [1m[35mCREATE TABLE "schema_migrations" ("version" varchar NOT NULL PRIMARY KEY)[0m
  [1m[35m (0.3ms)[0m  [1m[34mSELECT "schema_migrations"."version" FROM "schema_migrations" ORDER BY "schema_migrations"."version" ASC[0m
  [1m[35m (2.5ms)[0m  [1m[32mINSERT INTO "schema_migrations" (version) VALUES (20190325140711)[0m
  [1m[35m (1.2ms)[0m  [1m[32mINSERT INTO "schema_migrations" (version) VALUES
(20190325133334),
(20190325134623),
(20190325135119),
(20190325135603),
(20190325140435);

[0m
  [1m[35m (1.7ms)[0m  [1m[35mCREATE TABLE "ar_internal_metadata" ("key" varchar NOT NULL PRIMARY KEY, "value" varchar, "created_at" datetime NOT NULL, "updated_at" datetime NOT NULL)[0m
  [1m[36mActiveRecord::InternalMetadata Load (0.3ms)[0m  [1m[34mSELECT  "ar_internal_metadata".* FROM "ar_internal_metadata" WHERE "ar_internal_metadata"."key" = ? LIMIT ?[0m  [["key", "environment"], ["LIMIT", 1]]
  [1m[35m (0.1ms)[0m  [1m[36mbegin transaction[0m
  [1m[35mSQL (0.6ms)[0m  [1m[32mINSERT INTO "ar_internal_metadata" ("key", "value", "created_at", "updated_at") VALUES (?, ?, ?, ?)[0m  [["key", "environment"], ["value", "development"], ["created_at", "2019-03-25 16:45:41.207407"], ["updated_at", "2019-03-25 16:45:41.207407"]]
  [1m[35m (1.0ms)[0m  [1m[36mcommit transaction[0m
  [1m[36mActiveRecord::InternalMetadata Load (0.1ms)[0m  [1m[34mSELECT  "ar_internal_metadata".* FROM "ar_internal_metadata" WHERE "ar_internal_metadata"."key" = ? LIMIT ?[0m  [["key", "environment"], ["LIMIT", 1]]
  [1m[35m (0.1ms)[0m  [1m[36mbegin transaction[0m
  [1m[35mSQL (0.5ms)[0m  [1m[33mUPDATE "ar_internal_metadata" SET "value" = ?, "updated_at" = ? WHERE "ar_internal_metadata"."key" = ?[0m  [["value", "test"], ["updated_at", "2019-03-25 16:45:41.213743"], ["key", "environment"]]
  [1m[35m (1.2ms)[0m  [1m[36mcommit transaction[0m
  [1m[35m (0.2ms)[0m  [1m[34mSELECT "schema_migrations"."version" FROM "schema_migrations" ORDER BY "schema_migrations"."version" ASC[0m
  [1m[35mSQL (2.0ms)[0m  [1m[31mDELETE FROM "users"[0m
  [1m[35mSQL (1.4ms)[0m  [1m[31mDELETE FROM "posts"[0m
  [1m[35mSQL (1.3ms)[0m  [1m[31mDELETE FROM "tags"[0m
  [1m[35mSQL (1.3ms)[0m  [1m[31mDELETE FROM "posts_tags"[0m
  [1m[35m (0.1ms)[0m  [1m[36mbegin transaction[0m
  [1m[35mSQL (0.6ms)[0m  [1m[32mINSERT INTO "users" ("username", "first_name", "last_name", "bio", "created_at", "updated_at") VALUES (?, ?, ?, ?, ?, ?)[0m  [["username", "zbb272"], ["first_name", "Zach"], ["last_name", "Berman"], ["bio", "Really amazing programmer extraordinarie"], ["created_at", "2019-03-25 16:45:41.301655"], ["updated_at", "2019-03-25 16:45:41.301655"]]
  [1m[35m (1.0ms)[0m  [1m[36mcommit transaction[0m
  [1m[35m (0.1ms)[0m  [1m[36mbegin transaction[0m
  [1m[35mSQL (0.6ms)[0m  [1m[32mINSERT INTO "users" ("username", "first_name", "last_name", "bio", "created_at", "updated_at") VALUES (?, ?, ?, ?, ?, ?)[0m  [["username", "bmnumbernumbernumber"], ["first_name", "Ben"], ["last_name", "Manekin"], ["bio", "Just a cool dude"], ["created_at", "2019-03-25 16:45:41.305792"], ["updated_at", "2019-03-25 16:45:41.305792"]]
  [1m[35m (1.8ms)[0m  [1m[36mcommit transaction[0m
  [1m[35m (0.1ms)[0m  [1m[36mbegin transaction[0m
  [1m[35mSQL (1.3ms)[0m  [1m[32mINSERT INTO "users" ("username", "first_name", "last_name", "bio", "created_at", "updated_at") VALUES (?, ?, ?, ?, ?, ?)[0m  [["username", "duke"], ["first_name", "Sean"], ["last_name", "Lucius"], ["bio", "gets mad ass "], ["created_at", "2019-03-25 16:45:41.311310"], ["updated_at", "2019-03-25 16:45:41.311310"]]
  [1m[35m (1.0ms)[0m  [1m[36mcommit transaction[0m
  [1m[35m (0.1ms)[0m  [1m[36mbegin transaction[0m
  [1m[35mSQL (0.4ms)[0m  [1m[32mINSERT INTO "users" ("username", "first_name", "last_name", "bio", "created_at", "updated_at") VALUES (?, ?, ?, ?, ?, ?)[0m  [["username", "minute"], ["first_name", "Miguel"], ["last_name", "Morales"], ["bio", "I'll write this later"], ["created_at", "2019-03-25 16:45:41.316188"], ["updated_at", "2019-03-25 16:45:41.316188"]]
  [1m[35m (1.1ms)[0m  [1m[36mcommit transaction[0m
  [1m[35m (0.1ms)[0m  [1m[36mbegin transaction[0m
  [1m[35mSQL (0.4ms)[0m  [1m[32mINSERT INTO "posts" ("img_url", "title", "description", "user_id", "created_at", "updated_at") VALUES (?, ?, ?, ?, ?, ?)[0m  [["img_url", "https://images.pexels.com/photos/2025839/pexels-photo-2025839.jpeg?auto=compress&cs=tinysrgb&dpr=1&w=500"], ["title", "Sticks"], ["description", "here is a really good stick"], ["user_id", 1], ["created_at", "2019-03-25 16:45:41.341657"], ["updated_at", "2019-03-25 16:45:41.341657"]]
  [1m[35m (1.1ms)[0m  [1m[36mcommit transaction[0m
  [1m[35m (0.1ms)[0m  [1m[36mbegin transaction[0m
  [1m[35mSQL (0.6ms)[0m  [1m[32mINSERT INTO "posts" ("img_url", "title", "description", "user_id", "created_at", "updated_at") VALUES (?, ?, ?, ?, ?, ?)[0m  [["img_url", "https://images.pexels.com/photos/2032249/pexels-photo-2032249.jpeg?auto=compress&cs=tinysrgb&dpr=1&w=500"], ["title", "Lady"], ["description", "here is a sleeping lady"], ["user_id", 2], ["created_at", "2019-03-25 16:45:41.345956"], ["updated_at", "2019-03-25 16:45:41.345956"]]
  [1m[35m (1.4ms)[0m  [1m[36mcommit transaction[0m
  [1m[35m (0.3ms)[0m  [1m[36mbegin transaction[0m
  [1m[35mSQL (0.5ms)[0m  [1m[32mINSERT INTO "posts" ("img_url", "title", "description", "user_id", "created_at", "updated_at") VALUES (?, ?, ?, ?, ?, ?)[0m  [["img_url", "https://images.pexels.com/photos/1405773/pexels-photo-1405773.jpeg?auto=compress&cs=tinysrgb&dpr=1&w=500"], ["title", "Leafs"], ["description", "here is a leaves in milk"], ["user_id", 3], ["created_at", "2019-03-25 16:45:41.351110"], ["updated_at", "2019-03-25 16:45:41.351110"]]
  [1m[35m (1.5ms)[0m  [1m[36mcommit transaction[0m
  [1m[35m (0.1ms)[0m  [1m[36mbegin transaction[0m
  [1m[35mSQL (0.6ms)[0m  [1m[32mINSERT INTO "posts" ("img_url", "title", "description", "user_id", "created_at", "updated_at") VALUES (?, ?, ?, ?, ?, ?)[0m  [["img_url", "https://images.pexels.com/photos/1769408/pexels-photo-1769408.jpeg?auto=compress&cs=tinysrgb&dpr=1&w=500"], ["title", "Window"], ["description", "here is a window"], ["user_id", 4], ["created_at", "2019-03-25 16:45:41.357995"], ["updated_at", "2019-03-25 16:45:41.357995"]]
  [1m[35m (0.9ms)[0m  [1m[36mcommit transaction[0m
  [1m[35m (0.1ms)[0m  [1m[36mbegin transaction[0m
  [1m[35mSQL (0.5ms)[0m  [1m[32mINSERT INTO "posts" ("img_url", "title", "description", "user_id", "created_at", "updated_at") VALUES (?, ?, ?, ?, ?, ?)[0m  [["img_url", "https://images.pexels.com/photos/1829190/pexels-photo-1829190.jpeg?auto=compress&cs=tinysrgb&dpr=1&w=500"], ["title", "Fence"], ["description", "here is a broken fence"], ["user_id", 1], ["created_at", "2019-03-25 16:45:41.362199"], ["updated_at", "2019-03-25 16:45:41.362199"]]
  [1m[35m (1.0ms)[0m  [1m[36mcommit transaction[0m
  [1m[35m (0.2ms)[0m  [1m[36mbegin transaction[0m
  [1m[35mSQL (2.1ms)[0m  [1m[32mINSERT INTO "tags" ("name", "created_at", "updated_at") VALUES (?, ?, ?)[0m  [["name", "Nature"], ["created_at", "2019-03-25 16:45:41.378640"], ["updated_at", "2019-03-25 16:45:41.378640"]]
  [1m[35m (4.4ms)[0m  [1m[36mcommit transaction[0m
  [1m[35m (0.1ms)[0m  [1m[36mbegin transaction[0m
  [1m[35mSQL (0.4ms)[0m  [1m[32mINSERT INTO "tags" ("name", "created_at", "updated_at") VALUES (?, ?, ?)[0m  [["name", "Weather"], ["created_at", "2019-03-25 16:45:41.388098"], ["updated_at", "2019-03-25 16:45:41.388098"]]
  [1m[35m (1.2ms)[0m  [1m[36mcommit transaction[0m
  [1m[35m (0.1ms)[0m  [1m[36mbegin transaction[0m
  [1m[35mSQL (0.5ms)[0m  [1m[32mINSERT INTO "tags" ("name", "created_at", "updated_at") VALUES (?, ?, ?)[0m  [["name", "Portait"], ["created_at", "2019-03-25 16:45:41.391968"], ["updated_at", "2019-03-25 16:45:41.391968"]]
  [1m[35m (1.0ms)[0m  [1m[36mcommit transaction[0m
  [1m[35m (0.1ms)[0m  [1m[36mbegin transaction[0m
  [1m[35mSQL (0.5ms)[0m  [1m[32mINSERT INTO "tags" ("name", "created_at", "updated_at") VALUES (?, ?, ?)[0m  [["name", "Colorful"], ["created_at", "2019-03-25 16:45:41.396100"], ["updated_at", "2019-03-25 16:45:41.396100"]]
  [1m[35m (1.0ms)[0m  [1m[36mcommit transaction[0m
  [1m[35m (0.1ms)[0m  [1m[36mbegin transaction[0m
  [1m[35mSQL (1.2ms)[0m  [1m[32mINSERT INTO "tags" ("name", "created_at", "updated_at") VALUES (?, ?, ?)[0m  [["name", "Vintage"], ["created_at", "2019-03-25 16:45:41.403862"], ["updated_at", "2019-03-25 16:45:41.403862"]]
  [1m[35m (1.0ms)[0m  [1m[36mcommit transaction[0m
  [1m[35m (0.1ms)[0m  [1m[36mbegin transaction[0m
  [1m[35mSQL (0.7ms)[0m  [1m[32mINSERT INTO "posts_tags" ("post_id", "tag_id", "created_at", "updated_at") VALUES (?, ?, ?, ?)[0m  [["post_id", 1], ["tag_id", 1], ["created_at", "2019-03-25 16:45:41.432435"], ["updated_at", "2019-03-25 16:45:41.432435"]]
  [1m[35m (1.0ms)[0m  [1m[36mcommit transaction[0m
  [1m[35m (0.1ms)[0m  [1m[36mbegin transaction[0m
  [1m[35mSQL (1.1ms)[0m  [1m[32mINSERT INTO "posts_tags" ("post_id", "tag_id", "created_at", "updated_at") VALUES (?, ?, ?, ?)[0m  [["post_id", 2], ["tag_id", 2], ["created_at", "2019-03-25 16:45:41.436402"], ["updated_at", "2019-03-25 16:45:41.436402"]]
  [1m[35m (5.0ms)[0m  [1m[36mcommit transaction[0m
  [1m[35m (0.1ms)[0m  [1m[36mbegin transaction[0m
  [1m[35mSQL (1.1ms)[0m  [1m[32mINSERT INTO "posts_tags" ("post_id", "tag_id", "created_at", "updated_at") VALUES (?, ?, ?, ?)[0m  [["post_id", 3], ["tag_id", 3], ["created_at", "2019-03-25 16:45:41.447499"], ["updated_at", "2019-03-25 16:45:41.447499"]]
  [1m[35m (3.4ms)[0m  [1m[36mcommit transaction[0m
  [1m[35m (0.1ms)[0m  [1m[36mbegin transaction[0m
  [1m[35mSQL (0.5ms)[0m  [1m[32mINSERT INTO "posts_tags" ("post_id", "tag_id", "created_at", "updated_at") VALUES (?, ?, ?, ?)[0m  [["post_id", 4], ["tag_id", 4], ["created_at", "2019-03-25 16:45:41.455190"], ["updated_at", "2019-03-25 16:45:41.455190"]]
  [1m[35m (1.1ms)[0m  [1m[36mcommit transaction[0m
  [1m[35m (0.1ms)[0m  [1m[36mbegin transaction[0m
  [1m[35mSQL (0.5ms)[0m  [1m[32mINSERT INTO "posts_tags" ("post_id", "tag_id", "created_at", "updated_at") VALUES (?, ?, ?, ?)[0m  [["post_id", 5], ["tag_id", 5], ["created_at", "2019-03-25 16:45:41.485785"], ["updated_at", "2019-03-25 16:45:41.485785"]]
  [1m[35m (2.4ms)[0m  [1m[36mcommit transaction[0m
  [1m[35m (0.6ms)[0m  [1m[34mSELECT "schema_migrations"."version" FROM "schema_migrations" ORDER BY "schema_migrations"."version" ASC[0m
  [1m[35mSQL (2.0ms)[0m  [1m[31mDELETE FROM "users"[0m
  [1m[35mSQL (1.8ms)[0m  [1m[31mDELETE FROM "posts"[0m
  [1m[35mSQL (1.4ms)[0m  [1m[31mDELETE FROM "tags"[0m
  [1m[35mSQL (1.8ms)[0m  [1m[31mDELETE FROM "posts_tags"[0m
  [1m[35m (0.1ms)[0m  [1m[36mbegin transaction[0m
  [1m[35mSQL (0.9ms)[0m  [1m[32mINSERT INTO "users" ("username", "first_name", "last_name", "bio", "created_at", "updated_at") VALUES (?, ?, ?, ?, ?, ?)[0m  [["username", "zbb272"], ["first_name", "Zach"], ["last_name", "Berman"], ["bio", "Really amazing programmer extraordinarie"], ["created_at", "2019-03-25 16:46:35.025948"], ["updated_at", "2019-03-25 16:46:35.025948"]]
  [1m[35m (1.6ms)[0m  [1m[36mcommit transaction[0m
  [1m[35m (0.1ms)[0m  [1m[36mbegin transaction[0m
  [1m[35mSQL (0.5ms)[0m  [1m[32mINSERT INTO "users" ("username", "first_name", "last_name", "bio", "created_at", "updated_at") VALUES (?, ?, ?, ?, ?, ?)[0m  [["username", "bmnumbernumbernumber"], ["first_name", "Ben"], ["last_name", "Manekin"], ["bio", "Just a cool dude"], ["created_at", "2019-03-25 16:46:35.031394"], ["updated_at", "2019-03-25 16:46:35.031394"]]
  [1m[35m (1.0ms)[0m  [1m[36mcommit transaction[0m
  [1m[35m (0.1ms)[0m  [1m[36mbegin transaction[0m
  [1m[35mSQL (0.5ms)[0m  [1m[32mINSERT INTO "users" ("username", "first_name", "last_name", "bio", "created_at", "updated_at") VALUES (?, ?, ?, ?, ?, ?)[0m  [["username", "duke"], ["first_name", "Sean"], ["last_name", "Lucius"], ["bio", "gets mad ass "], ["created_at", "2019-03-25 16:46:35.034597"], ["updated_at", "2019-03-25 16:46:35.034597"]]
  [1m[35m (1.0ms)[0m  [1m[36mcommit transaction[0m
  [1m[35m (0.1ms)[0m  [1m[36mbegin transaction[0m
  [1m[35mSQL (0.3ms)[0m  [1m[32mINSERT INTO "users" ("username", "first_name", "last_name", "bio", "created_at", "updated_at") VALUES (?, ?, ?, ?, ?, ?)[0m  [["username", "minute"], ["first_name", "Miguel"], ["last_name", "Morales"], ["bio", "I'll write this later"], ["created_at", "2019-03-25 16:46:35.037701"], ["updated_at", "2019-03-25 16:46:35.037701"]]
  [1m[35m (0.9ms)[0m  [1m[36mcommit transaction[0m
  [1m[35m (0.1ms)[0m  [1m[36mbegin transaction[0m
  [1m[35mSQL (0.6ms)[0m  [1m[32mINSERT INTO "posts" ("img_url", "title", "description", "user_id", "created_at", "updated_at") VALUES (?, ?, ?, ?, ?, ?)[0m  [["img_url", "https://images.pexels.com/photos/2025839/pexels-photo-2025839.jpeg?auto=compress&cs=tinysrgb&dpr=1&w=500"], ["title", "Sticks"], ["description", "here is a really good stick"], ["user_id", 5], ["created_at", "2019-03-25 16:46:35.065969"], ["updated_at", "2019-03-25 16:46:35.065969"]]
  [1m[35m (3.6ms)[0m  [1m[36mcommit transaction[0m
  [1m[35m (0.5ms)[0m  [1m[36mbegin transaction[0m
  [1m[35mSQL (0.6ms)[0m  [1m[32mINSERT INTO "posts" ("img_url", "title", "description", "user_id", "created_at", "updated_at") VALUES (?, ?, ?, ?, ?, ?)[0m  [["img_url", "https://images.pexels.com/photos/2032249/pexels-photo-2032249.jpeg?auto=compress&cs=tinysrgb&dpr=1&w=500"], ["title", "Lady"], ["description", "here is a sleeping lady"], ["user_id", 6], ["created_at", "2019-03-25 16:46:35.078012"], ["updated_at", "2019-03-25 16:46:35.078012"]]
  [1m[35m (1.9ms)[0m  [1m[36mcommit transaction[0m
  [1m[35m (0.1ms)[0m  [1m[36mbegin transaction[0m
  [1m[35mSQL (0.6ms)[0m  [1m[32mINSERT INTO "posts" ("img_url", "title", "description", "user_id", "created_at", "updated_at") VALUES (?, ?, ?, ?, ?, ?)[0m  [["img_url", "https://images.pexels.com/photos/1405773/pexels-photo-1405773.jpeg?auto=compress&cs=tinysrgb&dpr=1&w=500"], ["title", "Leafs"], ["description", "here is a leaves in milk"], ["user_id", 7], ["created_at", "2019-03-25 16:46:35.083554"], ["updated_at", "2019-03-25 16:46:35.083554"]]
  [1m[35m (1.4ms)[0m  [1m[36mcommit transaction[0m
  [1m[35m (0.1ms)[0m  [1m[36mbegin transaction[0m
  [1m[35mSQL (0.6ms)[0m  [1m[32mINSERT INTO "posts" ("img_url", "title", "description", "user_id", "created_at", "updated_at") VALUES (?, ?, ?, ?, ?, ?)[0m  [["img_url", "https://images.pexels.com/photos/1769408/pexels-photo-1769408.jpeg?auto=compress&cs=tinysrgb&dpr=1&w=500"], ["title", "Window"], ["description", "here is a window"], ["user_id", 8], ["created_at", "2019-03-25 16:46:35.089102"], ["updated_at", "2019-03-25 16:46:35.089102"]]
  [1m[35m (1.2ms)[0m  [1m[36mcommit transaction[0m
  [1m[35m (0.1ms)[0m  [1m[36mbegin transaction[0m
  [1m[35mSQL (0.5ms)[0m  [1m[32mINSERT INTO "posts" ("img_url", "title", "description", "user_id", "created_at", "updated_at") VALUES (?, ?, ?, ?, ?, ?)[0m  [["img_url", "https://images.pexels.com/photos/1829190/pexels-photo-1829190.jpeg?auto=compress&cs=tinysrgb&dpr=1&w=500"], ["title", "Fence"], ["description", "here is a broken fence"], ["user_id", 5], ["created_at", "2019-03-25 16:46:35.093731"], ["updated_at", "2019-03-25 16:46:35.093731"]]
  [1m[35m (0.9ms)[0m  [1m[36mcommit transaction[0m
  [1m[35m (0.4ms)[0m  [1m[36mbegin transaction[0m
  [1m[35mSQL (1.4ms)[0m  [1m[32mINSERT INTO "tags" ("name", "created_at", "updated_at") VALUES (?, ?, ?)[0m  [["name", "Nature"], ["created_at", "2019-03-25 16:46:35.111984"], ["updated_at", "2019-03-25 16:46:35.111984"]]
  [1m[35m (13.7ms)[0m  [1m[36mcommit transaction[0m
  [1m[35m (0.1ms)[0m  [1m[36mbegin transaction[0m
  [1m[35mSQL (0.6ms)[0m  [1m[32mINSERT INTO "tags" ("name", "created_at", "updated_at") VALUES (?, ?, ?)[0m  [["name", "Weather"], ["created_at", "2019-03-25 16:46:35.147296"], ["updated_at", "2019-03-25 16:46:35.147296"]]
  [1m[35m (2.5ms)[0m  [1m[36mcommit transaction[0m
  [1m[35m (0.1ms)[0m  [1m[36mbegin transaction[0m
  [1m[35mSQL (1.0ms)[0m  [1m[32mINSERT INTO "tags" ("name", "created_at", "updated_at") VALUES (?, ?, ?)[0m  [["name", "Portait"], ["created_at", "2019-03-25 16:46:35.165730"], ["updated_at", "2019-03-25 16:46:35.165730"]]
  [1m[35m (2.3ms)[0m  [1m[36mcommit transaction[0m
  [1m[35m (0.2ms)[0m  [1m[36mbegin transaction[0m
  [1m[35mSQL (1.5ms)[0m  [1m[32mINSERT INTO "tags" ("name", "created_at", "updated_at") VALUES (?, ?, ?)[0m  [["name", "Colorful"], ["created_at", "2019-03-25 16:46:35.174705"], ["updated_at", "2019-03-25 16:46:35.174705"]]
  [1m[35m (5.4ms)[0m  [1m[36mcommit transaction[0m
  [1m[35m (0.1ms)[0m  [1m[36mbegin transaction[0m
  [1m[35mSQL (0.5ms)[0m  [1m[32mINSERT INTO "tags" ("name", "created_at", "updated_at") VALUES (?, ?, ?)[0m  [["name", "Vintage"], ["created_at", "2019-03-25 16:46:35.185731"], ["updated_at", "2019-03-25 16:46:35.185731"]]
  [1m[35m (1.4ms)[0m  [1m[36mcommit transaction[0m
  [1m[35m (0.1ms)[0m  [1m[36mbegin transaction[0m
  [1m[35mSQL (0.4ms)[0m  [1m[32mINSERT INTO "posts_tags" ("post_id", "tag_id", "created_at", "updated_at") VALUES (?, ?, ?, ?)[0m  [["post_id", 6], ["tag_id", 6], ["created_at", "2019-03-25 16:46:35.205993"], ["updated_at", "2019-03-25 16:46:35.205993"]]
  [1m[35m (0.9ms)[0m  [1m[36mcommit transaction[0m
  [1m[35m (0.1ms)[0m  [1m[36mbegin transaction[0m
  [1m[35mSQL (0.4ms)[0m  [1m[32mINSERT INTO "posts_tags" ("post_id", "tag_id", "created_at", "updated_at") VALUES (?, ?, ?, ?)[0m  [["post_id", 7], ["tag_id", 7], ["created_at", "2019-03-25 16:46:35.209242"], ["updated_at", "2019-03-25 16:46:35.209242"]]
  [1m[35m (0.9ms)[0m  [1m[36mcommit transaction[0m
  [1m[35m (0.1ms)[0m  [1m[36mbegin transaction[0m
  [1m[35mSQL (0.4ms)[0m  [1m[32mINSERT INTO "posts_tags" ("post_id", "tag_id", "created_at", "updated_at") VALUES (?, ?, ?, ?)[0m  [["post_id", 8], ["tag_id", 8], ["created_at", "2019-03-25 16:46:35.212196"], ["updated_at", "2019-03-25 16:46:35.212196"]]
  [1m[35m (0.9ms)[0m  [1m[36mcommit transaction[0m
  [1m[35m (0.1ms)[0m  [1m[36mbegin transaction[0m
  [1m[35mSQL (0.6ms)[0m  [1m[32mINSERT INTO "posts_tags" ("post_id", "tag_id", "created_at", "updated_at") VALUES (?, ?, ?, ?)[0m  [["post_id", 9], ["tag_id", 9], ["created_at", "2019-03-25 16:46:35.215202"], ["updated_at", "2019-03-25 16:46:35.215202"]]
  [1m[35m (1.1ms)[0m  [1m[36mcommit transaction[0m
  [1m[35m (0.1ms)[0m  [1m[36mbegin transaction[0m
  [1m[35mSQL (0.4ms)[0m  [1m[32mINSERT INTO "posts_tags" ("post_id", "tag_id", "created_at", "updated_at") VALUES (?, ?, ?, ?)[0m  [["post_id", 10], ["tag_id", 10], ["created_at", "2019-03-25 16:46:35.219374"], ["updated_at", "2019-03-25 16:46:35.219374"]]
  [1m[35m (1.0ms)[0m  [1m[36mcommit transaction[0m
  [1m[35m (0.2ms)[0m  [1m[34mSELECT "schema_migrations"."version" FROM "schema_migrations" ORDER BY "schema_migrations"."version" ASC[0m
  [1m[35mSQL (1.4ms)[0m  [1m[31mDELETE FROM "users"[0m
  [1m[35mSQL (1.3ms)[0m  [1m[31mDELETE FROM "posts"[0m
  [1m[35mSQL (1.4ms)[0m  [1m[31mDELETE FROM "tags"[0m
  [1m[35mSQL (2.0ms)[0m  [1m[31mDELETE FROM "posts_tags"[0m
  [1m[35m (0.1ms)[0m  [1m[36mbegin transaction[0m
  [1m[35mSQL (0.6ms)[0m  [1m[32mINSERT INTO "users" ("username", "first_name", "last_name", "bio", "created_at", "updated_at") VALUES (?, ?, ?, ?, ?, ?)[0m  [["username", "zbb272"], ["first_name", "Zach"], ["last_name", "Berman"], ["bio", "Really amazing programmer extraordinarie"], ["created_at", "2019-03-25 16:48:48.959366"], ["updated_at", "2019-03-25 16:48:48.959366"]]
  [1m[35m (1.2ms)[0m  [1m[36mcommit transaction[0m
  [1m[35m (0.1ms)[0m  [1m[36mbegin transaction[0m
  [1m[35mSQL (0.7ms)[0m  [1m[32mINSERT INTO "users" ("username", "first_name", "last_name", "bio", "created_at", "updated_at") VALUES (?, ?, ?, ?, ?, ?)[0m  [["username", "bmnumbernumbernumber"], ["first_name", "Ben"], ["last_name", "Manekin"], ["bio", "Just a cool dude"], ["created_at", "2019-03-25 16:48:48.963854"], ["updated_at", "2019-03-25 16:48:48.963854"]]
  [1m[35m (1.2ms)[0m  [1m[36mcommit transaction[0m
  [1m[35m (0.1ms)[0m  [1m[36mbegin transaction[0m
  [1m[35mSQL (0.4ms)[0m  [1m[32mINSERT INTO "users" ("username", "first_name", "last_name", "bio", "created_at", "updated_at") VALUES (?, ?, ?, ?, ?, ?)[0m  [["username", "duke"], ["first_name", "Sean"], ["last_name", "Lucius"], ["bio", "gets mad ass "], ["created_at", "2019-03-25 16:48:48.968644"], ["updated_at", "2019-03-25 16:48:48.968644"]]
  [1m[35m (0.9ms)[0m  [1m[36mcommit transaction[0m
  [1m[35m (0.1ms)[0m  [1m[36mbegin transaction[0m
  [1m[35mSQL (0.5ms)[0m  [1m[32mINSERT INTO "users" ("username", "first_name", "last_name", "bio", "created_at", "updated_at") VALUES (?, ?, ?, ?, ?, ?)[0m  [["username", "minute"], ["first_name", "Miguel"], ["last_name", "Morales"], ["bio", "I'll write this later"], ["created_at", "2019-03-25 16:48:48.971982"], ["updated_at", "2019-03-25 16:48:48.971982"]]
  [1m[35m (1.0ms)[0m  [1m[36mcommit transaction[0m
  [1m[35m (0.1ms)[0m  [1m[36mbegin transaction[0m
  [1m[35mSQL (0.5ms)[0m  [1m[32mINSERT INTO "posts" ("img_url", "title", "description", "user_id", "created_at", "updated_at") VALUES (?, ?, ?, ?, ?, ?)[0m  [["img_url", "https://images.pexels.com/photos/2025839/pexels-photo-2025839.jpeg?auto=compress&cs=tinysrgb&dpr=1&w=500"], ["title", "Sticks"], ["description", "here is a really good stick"], ["user_id", 9], ["created_at", "2019-03-25 16:48:49.000737"], ["updated_at", "2019-03-25 16:48:49.000737"]]
  [1m[35m (0.9ms)[0m  [1m[36mcommit transaction[0m
  [1m[35m (0.1ms)[0m  [1m[36mbegin transaction[0m
  [1m[35mSQL (0.6ms)[0m  [1m[32mINSERT INTO "posts" ("img_url", "title", "description", "user_id", "created_at", "updated_at") VALUES (?, ?, ?, ?, ?, ?)[0m  [["img_url", "https://images.pexels.com/photos/2032249/pexels-photo-2032249.jpeg?auto=compress&cs=tinysrgb&dpr=1&w=500"], ["title", "Lady"], ["description", "here is a sleeping lady"], ["user_id", 10], ["created_at", "2019-03-25 16:48:49.005171"], ["updated_at", "2019-03-25 16:48:49.005171"]]
  [1m[35m (0.9ms)[0m  [1m[36mcommit transaction[0m
  [1m[35m (0.1ms)[0m  [1m[36mbegin transaction[0m
  [1m[35mSQL (0.5ms)[0m  [1m[32mINSERT INTO "posts" ("img_url", "title", "description", "user_id", "created_at", "updated_at") VALUES (?, ?, ?, ?, ?, ?)[0m  [["img_url", "https://images.pexels.com/photos/1405773/pexels-photo-1405773.jpeg?auto=compress&cs=tinysrgb&dpr=1&w=500"], ["title", "Leafs"], ["description", "here is a leaves in milk"], ["user_id", 11], ["created_at", "2019-03-25 16:48:49.009180"], ["updated_at", "2019-03-25 16:48:49.009180"]]
  [1m[35m (0.9ms)[0m  [1m[36mcommit transaction[0m
  [1m[35m (0.1ms)[0m  [1m[36mbegin transaction[0m
  [1m[35mSQL (0.8ms)[0m  [1m[32mINSERT INTO "posts" ("img_url", "title", "description", "user_id", "created_at", "updated_at") VALUES (?, ?, ?, ?, ?, ?)[0m  [["img_url", "https://images.pexels.com/photos/1769408/pexels-photo-1769408.jpeg?auto=compress&cs=tinysrgb&dpr=1&w=500"], ["title", "Window"], ["description", "here is a window"], ["user_id", 12], ["created_at", "2019-03-25 16:48:49.013634"], ["updated_at", "2019-03-25 16:48:49.013634"]]
  [1m[35m (1.1ms)[0m  [1m[36mcommit transaction[0m
  [1m[35m (1.7ms)[0m  [1m[36mbegin transaction[0m
  [1m[35mSQL (0.5ms)[0m  [1m[32mINSERT INTO "posts" ("img_url", "title", "description", "user_id", "created_at", "updated_at") VALUES (?, ?, ?, ?, ?, ?)[0m  [["img_url", "https://images.pexels.com/photos/1829190/pexels-photo-1829190.jpeg?auto=compress&cs=tinysrgb&dpr=1&w=500"], ["title", "Fence"], ["description", "here is a broken fence"], ["user_id", 9], ["created_at", "2019-03-25 16:48:49.022771"], ["updated_at", "2019-03-25 16:48:49.022771"]]
  [1m[35m (1.6ms)[0m  [1m[36mcommit transaction[0m
  [1m[35m (0.1ms)[0m  [1m[36mbegin transaction[0m
  [1m[35mSQL (0.7ms)[0m  [1m[32mINSERT INTO "tags" ("name", "created_at", "updated_at") VALUES (?, ?, ?)[0m  [["name", "Nature"], ["created_at", "2019-03-25 16:48:49.038579"], ["updated_at", "2019-03-25 16:48:49.038579"]]
  [1m[35m (1.4ms)[0m  [1m[36mcommit transaction[0m
  [1m[35m (0.1ms)[0m  [1m[36mbegin transaction[0m
  [1m[35mSQL (0.7ms)[0m  [1m[32mINSERT INTO "tags" ("name", "created_at", "updated_at") VALUES (?, ?, ?)[0m  [["name", "Weather"], ["created_at", "2019-03-25 16:48:49.045864"], ["updated_at", "2019-03-25 16:48:49.045864"]]
  [1m[35m (1.7ms)[0m  [1m[36mcommit transaction[0m
  [1m[35m (0.1ms)[0m  [1m[36mbegin transaction[0m
  [1m[35mSQL (0.4ms)[0m  [1m[32mINSERT INTO "tags" ("name", "created_at", "updated_at") VALUES (?, ?, ?)[0m  [["name", "Portait"], ["created_at", "2019-03-25 16:48:49.052186"], ["updated_at", "2019-03-25 16:48:49.052186"]]
  [1m[35m (0.9ms)[0m  [1m[36mcommit transaction[0m
  [1m[35m (0.1ms)[0m  [1m[36mbegin transaction[0m
  [1m[35mSQL (0.5ms)[0m  [1m[32mINSERT INTO "tags" ("name", "created_at", "updated_at") VALUES (?, ?, ?)[0m  [["name", "Colorful"], ["created_at", "2019-03-25 16:48:49.055236"], ["updated_at", "2019-03-25 16:48:49.055236"]]
  [1m[35m (1.2ms)[0m  [1m[36mcommit transaction[0m
  [1m[35m (0.1ms)[0m  [1m[36mbegin transaction[0m
  [1m[35mSQL (0.5ms)[0m  [1m[32mINSERT INTO "tags" ("name", "created_at", "updated_at") VALUES (?, ?, ?)[0m  [["name", "Vintage"], ["created_at", "2019-03-25 16:48:49.058854"], ["updated_at", "2019-03-25 16:48:49.058854"]]
  [1m[35m (1.1ms)[0m  [1m[36mcommit transaction[0m
  [1m[35m (0.1ms)[0m  [1m[36mbegin transaction[0m
  [1m[35mSQL (0.4ms)[0m  [1m[32mINSERT INTO "posts_tags" ("post_id", "tag_id", "created_at", "updated_at") VALUES (?, ?, ?, ?)[0m  [["post_id", 11], ["tag_id", 11], ["created_at", "2019-03-25 16:48:49.077364"], ["updated_at", "2019-03-25 16:48:49.077364"]]
  [1m[35m (0.9ms)[0m  [1m[36mcommit transaction[0m
  [1m[35m (0.1ms)[0m  [1m[36mbegin transaction[0m
  [1m[35mSQL (0.9ms)[0m  [1m[32mINSERT INTO "posts_tags" ("post_id", "tag_id", "created_at", "updated_at") VALUES (?, ?, ?, ?)[0m  [["post_id", 12], ["tag_id", 12], ["created_at", "2019-03-25 16:48:49.080543"], ["updated_at", "2019-03-25 16:48:49.080543"]]
  [1m[35m (1.0ms)[0m  [1m[36mcommit transaction[0m
  [1m[35m (0.7ms)[0m  [1m[36mbegin transaction[0m
  [1m[35mSQL (0.7ms)[0m  [1m[32mINSERT INTO "posts_tags" ("post_id", "tag_id", "created_at", "updated_at") VALUES (?, ?, ?, ?)[0m  [["post_id", 13], ["tag_id", 13], ["created_at", "2019-03-25 16:48:49.093624"], ["updated_at", "2019-03-25 16:48:49.093624"]]
  [1m[35m (3.0ms)[0m  [1m[36mcommit transaction[0m
  [1m[35m (0.1ms)[0m  [1m[36mbegin transaction[0m
  [1m[35mSQL (0.7ms)[0m  [1m[32mINSERT INTO "posts_tags" ("post_id", "tag_id", "created_at", "updated_at") VALUES (?, ?, ?, ?)[0m  [["post_id", 14], ["tag_id", 14], ["created_at", "2019-03-25 16:48:49.101967"], ["updated_at", "2019-03-25 16:48:49.101967"]]
  [1m[35m (0.9ms)[0m  [1m[36mcommit transaction[0m
  [1m[35m (0.1ms)[0m  [1m[36mbegin transaction[0m
  [1m[35mSQL (0.5ms)[0m  [1m[32mINSERT INTO "posts_tags" ("post_id", "tag_id", "created_at", "updated_at") VALUES (?, ?, ?, ?)[0m  [["post_id", 15], ["tag_id", 15], ["created_at", "2019-03-25 16:48:49.105594"], ["updated_at", "2019-03-25 16:48:49.105594"]]
  [1m[35m (1.5ms)[0m  [1m[36mcommit transaction[0m
  [1m[35m (1.1ms)[0m  [1m[34mSELECT "schema_migrations"."version" FROM "schema_migrations" ORDER BY "schema_migrations"."version" ASC[0m
  [1m[35m (1.4ms)[0m  [1m[34mSELECT "ar_internal_metadata"."value" FROM "ar_internal_metadata" WHERE "ar_internal_metadata"."key" = ?[0m  [["key", "environment"]]
  [1m[35m (0.2ms)[0m  [1m[34mSELECT "schema_migrations"."version" FROM "schema_migrations" ORDER BY "schema_migrations"."version" ASC[0m
  [1m[35m (0.1ms)[0m  [1m[34mSELECT "ar_internal_metadata"."value" FROM "ar_internal_metadata" WHERE "ar_internal_metadata"."key" = ?[0m  [["key", "environment"]]
  [1m[35m (0.1ms)[0m  [1m[34mSELECT "schema_migrations"."version" FROM "schema_migrations" ORDER BY "schema_migrations"."version" ASC[0m
  [1m[35m (0.1ms)[0m  [1m[34mSELECT "ar_internal_metadata"."value" FROM "ar_internal_metadata" WHERE "ar_internal_metadata"."key" = ?[0m  [["key", "environment"]]
  [1m[35m (0.1ms)[0m  [1m[35mDROP TABLE IF EXISTS "comments"[0m
  [1m[35m (0.1ms)[0m  [1m[34mSELECT sqlite_version(*)[0m
  [1m[35m (1.7ms)[0m  [1m[35mCREATE TABLE "comments" ("id" INTEGER PRIMARY KEY AUTOINCREMENT NOT NULL, "text" varchar, "user_id" integer, "post_id" integer, "created_at" datetime NOT NULL, "updated_at" datetime NOT NULL)[0m
  [1m[35m (1.6ms)[0m  [1m[35mCREATE  INDEX "index_comments_on_post_id" ON "comments" ("post_id")[0m
  [1m[35m (0.7ms)[0m  [1m[34m            SELECT sql
            FROM sqlite_master
            WHERE name='index_comments_on_post_id' AND type='index'
            UNION ALL
            SELECT sql
            FROM sqlite_temp_master
            WHERE name='index_comments_on_post_id' AND type='index'
[0m
  [1m[35m (2.1ms)[0m  [1m[35mCREATE  INDEX "index_comments_on_user_id" ON "comments" ("user_id")[0m
  [1m[35m (0.2ms)[0m  [1m[35mDROP TABLE IF EXISTS "likes"[0m
  [1m[35m (18.0ms)[0m  [1m[35mCREATE TABLE "likes" ("id" INTEGER PRIMARY KEY AUTOINCREMENT NOT NULL, "post_id" integer, "user_id" integer, "created_at" datetime NOT NULL, "updated_at" datetime NOT NULL)[0m
  [1m[35m (7.1ms)[0m  [1m[35mCREATE  INDEX "index_likes_on_post_id" ON "likes" ("post_id")[0m
  [1m[35m (0.2ms)[0m  [1m[34m            SELECT sql
            FROM sqlite_master
            WHERE name='index_likes_on_post_id' AND type='index'
            UNION ALL
            SELECT sql
            FROM sqlite_temp_master
            WHERE name='index_likes_on_post_id' AND type='index'
[0m
  [1m[35m (16.4ms)[0m  [1m[35mCREATE  INDEX "index_likes_on_user_id" ON "likes" ("user_id")[0m
  [1m[35m (0.4ms)[0m  [1m[35mDROP TABLE IF EXISTS "posts"[0m
  [1m[35m (5.2ms)[0m  [1m[35mCREATE TABLE "posts" ("id" INTEGER PRIMARY KEY AUTOINCREMENT NOT NULL, "img_url" varchar, "title" varchar, "description" varchar, "user_id" integer, "created_at" datetime NOT NULL, "updated_at" datetime NOT NULL)[0m
  [1m[35m (6.9ms)[0m  [1m[35mCREATE  INDEX "index_posts_on_user_id" ON "posts" ("user_id")[0m
  [1m[35m (0.3ms)[0m  [1m[35mDROP TABLE IF EXISTS "posts_tags"[0m
  [1m[35m (1.2ms)[0m  [1m[35mCREATE TABLE "posts_tags" ("id" INTEGER PRIMARY KEY AUTOINCREMENT NOT NULL, "post_id" integer, "tag_id" integer, "created_at" datetime NOT NULL, "updated_at" datetime NOT NULL)[0m
  [1m[35m (1.3ms)[0m  [1m[35mCREATE  INDEX "index_posts_tags_on_post_id" ON "posts_tags" ("post_id")[0m
  [1m[35m (3.3ms)[0m  [1m[34m            SELECT sql
            FROM sqlite_master
            WHERE name='index_posts_tags_on_post_id' AND type='index'
            UNION ALL
            SELECT sql
            FROM sqlite_temp_master
            WHERE name='index_posts_tags_on_post_id' AND type='index'
[0m
  [1m[35m (8.0ms)[0m  [1m[35mCREATE  INDEX "index_posts_tags_on_tag_id" ON "posts_tags" ("tag_id")[0m
  [1m[35m (0.4ms)[0m  [1m[35mDROP TABLE IF EXISTS "tags"[0m
  [1m[35m (7.1ms)[0m  [1m[35mCREATE TABLE "tags" ("id" INTEGER PRIMARY KEY AUTOINCREMENT NOT NULL, "name" varchar, "created_at" datetime NOT NULL, "updated_at" datetime NOT NULL)[0m
  [1m[35m (2.0ms)[0m  [1m[35mDROP TABLE IF EXISTS "users"[0m
  [1m[35m (3.4ms)[0m  [1m[35mCREATE TABLE "users" ("id" INTEGER PRIMARY KEY AUTOINCREMENT NOT NULL, "username" varchar, "first_name" varchar, "last_name" varchar, "bio" varchar, "created_at" datetime NOT NULL, "updated_at" datetime NOT NULL)[0m
  [1m[35m (3.8ms)[0m  [1m[35mCREATE TABLE "schema_migrations" ("version" varchar NOT NULL PRIMARY KEY)[0m
  [1m[35m (0.3ms)[0m  [1m[34mSELECT "schema_migrations"."version" FROM "schema_migrations" ORDER BY "schema_migrations"."version" ASC[0m
  [1m[35m (1.5ms)[0m  [1m[32mINSERT INTO "schema_migrations" (version) VALUES (20190325140711)[0m
  [1m[35m (2.2ms)[0m  [1m[32mINSERT INTO "schema_migrations" (version) VALUES
(20190325133334),
(20190325134623),
(20190325135119),
(20190325135603),
(20190325140435);

[0m
  [1m[35m (2.0ms)[0m  [1m[35mCREATE TABLE "ar_internal_metadata" ("key" varchar NOT NULL PRIMARY KEY, "value" varchar, "created_at" datetime NOT NULL, "updated_at" datetime NOT NULL)[0m
  [1m[36mActiveRecord::InternalMetadata Load (0.5ms)[0m  [1m[34mSELECT  "ar_internal_metadata".* FROM "ar_internal_metadata" WHERE "ar_internal_metadata"."key" = ? LIMIT ?[0m  [["key", "environment"], ["LIMIT", 1]]
  [1m[35m (0.1ms)[0m  [1m[36mbegin transaction[0m
  [1m[35mSQL (0.6ms)[0m  [1m[32mINSERT INTO "ar_internal_metadata" ("key", "value", "created_at", "updated_at") VALUES (?, ?, ?, ?)[0m  [["key", "environment"], ["value", "development"], ["created_at", "2019-03-25 16:51:32.270245"], ["updated_at", "2019-03-25 16:51:32.270245"]]
  [1m[35m (0.9ms)[0m  [1m[36mcommit transaction[0m
  [1m[36mActiveRecord::InternalMetadata Load (0.1ms)[0m  [1m[34mSELECT  "ar_internal_metadata".* FROM "ar_internal_metadata" WHERE "ar_internal_metadata"."key" = ? LIMIT ?[0m  [["key", "environment"], ["LIMIT", 1]]
  [1m[35m (0.1ms)[0m  [1m[36mbegin transaction[0m
  [1m[35m (0.1ms)[0m  [1m[36mcommit transaction[0m
  [1m[35m (0.2ms)[0m  [1m[35mDROP TABLE IF EXISTS "comments"[0m
  [1m[35m (0.1ms)[0m  [1m[34mSELECT sqlite_version(*)[0m
  [1m[35m (1.4ms)[0m  [1m[35mCREATE TABLE "comments" ("id" INTEGER PRIMARY KEY AUTOINCREMENT NOT NULL, "text" varchar, "user_id" integer, "post_id" integer, "created_at" datetime NOT NULL, "updated_at" datetime NOT NULL)[0m
  [1m[35m (1.2ms)[0m  [1m[35mCREATE  INDEX "index_comments_on_post_id" ON "comments" ("post_id")[0m
  [1m[35m (0.4ms)[0m  [1m[34m            SELECT sql
            FROM sqlite_master
            WHERE name='index_comments_on_post_id' AND type='index'
            UNION ALL
            SELECT sql
            FROM sqlite_temp_master
            WHERE name='index_comments_on_post_id' AND type='index'
[0m
  [1m[35m (4.3ms)[0m  [1m[35mCREATE  INDEX "index_comments_on_user_id" ON "comments" ("user_id")[0m
  [1m[35m (0.2ms)[0m  [1m[35mDROP TABLE IF EXISTS "likes"[0m
  [1m[35m (3.2ms)[0m  [1m[35mCREATE TABLE "likes" ("id" INTEGER PRIMARY KEY AUTOINCREMENT NOT NULL, "post_id" integer, "user_id" integer, "created_at" datetime NOT NULL, "updated_at" datetime NOT NULL)[0m
  [1m[35m (1.6ms)[0m  [1m[35mCREATE  INDEX "index_likes_on_post_id" ON "likes" ("post_id")[0m
  [1m[35m (0.2ms)[0m  [1m[34m            SELECT sql
            FROM sqlite_master
            WHERE name='index_likes_on_post_id' AND type='index'
            UNION ALL
            SELECT sql
            FROM sqlite_temp_master
            WHERE name='index_likes_on_post_id' AND type='index'
[0m
  [1m[35m (1.6ms)[0m  [1m[35mCREATE  INDEX "index_likes_on_user_id" ON "likes" ("user_id")[0m
  [1m[35m (0.3ms)[0m  [1m[35mDROP TABLE IF EXISTS "posts"[0m
  [1m[35m (2.7ms)[0m  [1m[35mCREATE TABLE "posts" ("id" INTEGER PRIMARY KEY AUTOINCREMENT NOT NULL, "img_url" varchar, "title" varchar, "description" varchar, "user_id" integer, "created_at" datetime NOT NULL, "updated_at" datetime NOT NULL)[0m
  [1m[35m (2.0ms)[0m  [1m[35mCREATE  INDEX "index_posts_on_user_id" ON "posts" ("user_id")[0m
  [1m[35m (0.3ms)[0m  [1m[35mDROP TABLE IF EXISTS "posts_tags"[0m
  [1m[35m (1.4ms)[0m  [1m[35mCREATE TABLE "posts_tags" ("id" INTEGER PRIMARY KEY AUTOINCREMENT NOT NULL, "post_id" integer, "tag_id" integer, "created_at" datetime NOT NULL, "updated_at" datetime NOT NULL)[0m
  [1m[35m (1.6ms)[0m  [1m[35mCREATE  INDEX "index_posts_tags_on_post_id" ON "posts_tags" ("post_id")[0m
  [1m[35m (0.1ms)[0m  [1m[34m            SELECT sql
            FROM sqlite_master
            WHERE name='index_posts_tags_on_post_id' AND type='index'
            UNION ALL
            SELECT sql
            FROM sqlite_temp_master
            WHERE name='index_posts_tags_on_post_id' AND type='index'
[0m
  [1m[35m (2.2ms)[0m  [1m[35mCREATE  INDEX "index_posts_tags_on_tag_id" ON "posts_tags" ("tag_id")[0m
  [1m[35m (0.2ms)[0m  [1m[35mDROP TABLE IF EXISTS "tags"[0m
  [1m[35m (1.4ms)[0m  [1m[35mCREATE TABLE "tags" ("id" INTEGER PRIMARY KEY AUTOINCREMENT NOT NULL, "name" varchar, "created_at" datetime NOT NULL, "updated_at" datetime NOT NULL)[0m
  [1m[35m (0.2ms)[0m  [1m[35mDROP TABLE IF EXISTS "users"[0m
  [1m[35m (1.2ms)[0m  [1m[35mCREATE TABLE "users" ("id" INTEGER PRIMARY KEY AUTOINCREMENT NOT NULL, "username" varchar, "first_name" varchar, "last_name" varchar, "bio" varchar, "created_at" datetime NOT NULL, "updated_at" datetime NOT NULL)[0m
  [1m[35m (1.3ms)[0m  [1m[35mCREATE TABLE "schema_migrations" ("version" varchar NOT NULL PRIMARY KEY)[0m
  [1m[35m (0.8ms)[0m  [1m[34mSELECT "schema_migrations"."version" FROM "schema_migrations" ORDER BY "schema_migrations"."version" ASC[0m
  [1m[35m (1.8ms)[0m  [1m[32mINSERT INTO "schema_migrations" (version) VALUES (20190325140711)[0m
  [1m[35m (2.5ms)[0m  [1m[32mINSERT INTO "schema_migrations" (version) VALUES
(20190325133334),
(20190325134623),
(20190325135119),
(20190325135603),
(20190325140435);

[0m
  [1m[35m (6.8ms)[0m  [1m[35mCREATE TABLE "ar_internal_metadata" ("key" varchar NOT NULL PRIMARY KEY, "value" varchar, "created_at" datetime NOT NULL, "updated_at" datetime NOT NULL)[0m
  [1m[36mActiveRecord::InternalMetadata Load (0.3ms)[0m  [1m[34mSELECT  "ar_internal_metadata".* FROM "ar_internal_metadata" WHERE "ar_internal_metadata"."key" = ? LIMIT ?[0m  [["key", "environment"], ["LIMIT", 1]]
  [1m[35m (0.1ms)[0m  [1m[36mbegin transaction[0m
  [1m[35mSQL (0.4ms)[0m  [1m[32mINSERT INTO "ar_internal_metadata" ("key", "value", "created_at", "updated_at") VALUES (?, ?, ?, ?)[0m  [["key", "environment"], ["value", "development"], ["created_at", "2019-03-25 16:51:32.383336"], ["updated_at", "2019-03-25 16:51:32.383336"]]
  [1m[35m (0.9ms)[0m  [1m[36mcommit transaction[0m
  [1m[36mActiveRecord::InternalMetadata Load (0.2ms)[0m  [1m[34mSELECT  "ar_internal_metadata".* FROM "ar_internal_metadata" WHERE "ar_internal_metadata"."key" = ? LIMIT ?[0m  [["key", "environment"], ["LIMIT", 1]]
  [1m[35m (0.2ms)[0m  [1m[36mbegin transaction[0m
  [1m[35mSQL (0.7ms)[0m  [1m[33mUPDATE "ar_internal_metadata" SET "value" = ?, "updated_at" = ? WHERE "ar_internal_metadata"."key" = ?[0m  [["value", "test"], ["updated_at", "2019-03-25 16:51:32.391936"], ["key", "environment"]]
  [1m[35m (1.5ms)[0m  [1m[36mcommit transaction[0m
  [1m[35m (0.3ms)[0m  [1m[34mSELECT "schema_migrations"."version" FROM "schema_migrations" ORDER BY "schema_migrations"."version" ASC[0m
  [1m[35mSQL (1.2ms)[0m  [1m[31mDELETE FROM "users"[0m
  [1m[35mSQL (4.8ms)[0m  [1m[31mDELETE FROM "posts"[0m
  [1m[35mSQL (1.3ms)[0m  [1m[31mDELETE FROM "tags"[0m
  [1m[35mSQL (1.3ms)[0m  [1m[31mDELETE FROM "posts_tags"[0m
  [1m[35m (0.1ms)[0m  [1m[36mbegin transaction[0m
  [1m[35mSQL (1.2ms)[0m  [1m[32mINSERT INTO "users" ("username", "first_name", "last_name", "bio", "created_at", "updated_at") VALUES (?, ?, ?, ?, ?, ?)[0m  [["username", "zbb272"], ["first_name", "Zach"], ["last_name", "Berman"], ["bio", "Really amazing programmer extraordinarie"], ["created_at", "2019-03-25 16:51:32.482417"], ["updated_at", "2019-03-25 16:51:32.482417"]]
  [1m[35m (2.1ms)[0m  [1m[36mcommit transaction[0m
  [1m[35m (0.1ms)[0m  [1m[36mbegin transaction[0m
  [1m[35mSQL (0.4ms)[0m  [1m[32mINSERT INTO "users" ("username", "first_name", "last_name", "bio", "created_at", "updated_at") VALUES (?, ?, ?, ?, ?, ?)[0m  [["username", "bmnumbernumbernumber"], ["first_name", "Ben"], ["last_name", "Manekin"], ["bio", "Just a cool dude"], ["created_at", "2019-03-25 16:51:32.497089"], ["updated_at", "2019-03-25 16:51:32.497089"]]
  [1m[35m (1.1ms)[0m  [1m[36mcommit transaction[0m
  [1m[35m (0.1ms)[0m  [1m[36mbegin transaction[0m
  [1m[35mSQL (0.6ms)[0m  [1m[32mINSERT INTO "users" ("username", "first_name", "last_name", "bio", "created_at", "updated_at") VALUES (?, ?, ?, ?, ?, ?)[0m  [["username", "duke"], ["first_name", "Sean"], ["last_name", "Lucius"], ["bio", "gets mad ass "], ["created_at", "2019-03-25 16:51:32.502032"], ["updated_at", "2019-03-25 16:51:32.502032"]]
  [1m[35m (1.1ms)[0m  [1m[36mcommit transaction[0m
  [1m[35m (0.1ms)[0m  [1m[36mbegin transaction[0m
  [1m[35mSQL (0.5ms)[0m  [1m[32mINSERT INTO "users" ("username", "first_name", "last_name", "bio", "created_at", "updated_at") VALUES (?, ?, ?, ?, ?, ?)[0m  [["username", "minute"], ["first_name", "Miguel"], ["last_name", "Morales"], ["bio", "I'll write this later"], ["created_at", "2019-03-25 16:51:32.506580"], ["updated_at", "2019-03-25 16:51:32.506580"]]
  [1m[35m (1.0ms)[0m  [1m[36mcommit transaction[0m
  [1m[35m (0.1ms)[0m  [1m[36mbegin transaction[0m
  [1m[35mSQL (1.0ms)[0m  [1m[32mINSERT INTO "posts" ("img_url", "title", "description", "user_id", "created_at", "updated_at") VALUES (?, ?, ?, ?, ?, ?)[0m  [["img_url", "https://images.pexels.com/photos/2025839/pexels-photo-2025839.jpeg?auto=compress&cs=tinysrgb&dpr=1&w=500"], ["title", "Sticks"], ["description", "here is a really good stick"], ["user_id", 1], ["created_at", "2019-03-25 16:51:32.552956"], ["updated_at", "2019-03-25 16:51:32.552956"]]
  [1m[35m (1.3ms)[0m  [1m[36mcommit transaction[0m
  [1m[35m (0.2ms)[0m  [1m[36mbegin transaction[0m
  [1m[35mSQL (1.0ms)[0m  [1m[32mINSERT INTO "posts" ("img_url", "title", "description", "user_id", "created_at", "updated_at") VALUES (?, ?, ?, ?, ?, ?)[0m  [["img_url", "https://images.pexels.com/photos/2032249/pexels-photo-2032249.jpeg?auto=compress&cs=tinysrgb&dpr=1&w=500"], ["title", "Lady"], ["description", "here is a sleeping lady"], ["user_id", 2], ["created_at", "2019-03-25 16:51:32.560744"], ["updated_at", "2019-03-25 16:51:32.560744"]]
  [1m[35m (12.6ms)[0m  [1m[36mcommit transaction[0m
  [1m[35m (0.1ms)[0m  [1m[36mbegin transaction[0m
  [1m[35mSQL (0.6ms)[0m  [1m[32mINSERT INTO "posts" ("img_url", "title", "description", "user_id", "created_at", "updated_at") VALUES (?, ?, ?, ?, ?, ?)[0m  [["img_url", "https://images.pexels.com/photos/1405773/pexels-photo-1405773.jpeg?auto=compress&cs=tinysrgb&dpr=1&w=500"], ["title", "Leafs"], ["description", "here is a leaves in milk"], ["user_id", 3], ["created_at", "2019-03-25 16:51:32.577093"], ["updated_at", "2019-03-25 16:51:32.577093"]]
  [1m[35m (1.0ms)[0m  [1m[36mcommit transaction[0m
  [1m[35m (0.1ms)[0m  [1m[36mbegin transaction[0m
  [1m[35mSQL (0.7ms)[0m  [1m[32mINSERT INTO "posts" ("img_url", "title", "description", "user_id", "created_at", "updated_at") VALUES (?, ?, ?, ?, ?, ?)[0m  [["img_url", "https://images.pexels.com/photos/1769408/pexels-photo-1769408.jpeg?auto=compress&cs=tinysrgb&dpr=1&w=500"], ["title", "Window"], ["description", "here is a window"], ["user_id", 4], ["created_at", "2019-03-25 16:51:32.599239"], ["updated_at", "2019-03-25 16:51:32.599239"]]
  [1m[35m (6.3ms)[0m  [1m[36mcommit transaction[0m
  [1m[35m (0.1ms)[0m  [1m[36mbegin transaction[0m
  [1m[35mSQL (0.9ms)[0m  [1m[32mINSERT INTO "posts" ("img_url", "title", "description", "user_id", "created_at", "updated_at") VALUES (?, ?, ?, ?, ?, ?)[0m  [["img_url", "https://images.pexels.com/photos/1829190/pexels-photo-1829190.jpeg?auto=compress&cs=tinysrgb&dpr=1&w=500"], ["title", "Fence"], ["description", "here is a broken fence"], ["user_id", 1], ["created_at", "2019-03-25 16:51:32.611044"], ["updated_at", "2019-03-25 16:51:32.611044"]]
  [1m[35m (1.2ms)[0m  [1m[36mcommit transaction[0m
  [1m[35m (0.1ms)[0m  [1m[36mbegin transaction[0m
  [1m[35mSQL (0.4ms)[0m  [1m[32mINSERT INTO "tags" ("name", "created_at", "updated_at") VALUES (?, ?, ?)[0m  [["name", "Nature"], ["created_at", "2019-03-25 16:51:32.633067"], ["updated_at", "2019-03-25 16:51:32.633067"]]
  [1m[35m (0.9ms)[0m  [1m[36mcommit transaction[0m
  [1m[35m (0.4ms)[0m  [1m[36mbegin transaction[0m
  [1m[35mSQL (7.8ms)[0m  [1m[32mINSERT INTO "tags" ("name", "created_at", "updated_at") VALUES (?, ?, ?)[0m  [["name", "Weather"], ["created_at", "2019-03-25 16:51:32.639173"], ["updated_at", "2019-03-25 16:51:32.639173"]]
  [1m[35m (3.1ms)[0m  [1m[36mcommit transaction[0m
  [1m[35m (0.1ms)[0m  [1m[36mbegin transaction[0m
  [1m[35mSQL (0.5ms)[0m  [1m[32mINSERT INTO "tags" ("name", "created_at", "updated_at") VALUES (?, ?, ?)[0m  [["name", "Portait"], ["created_at", "2019-03-25 16:51:32.654140"], ["updated_at", "2019-03-25 16:51:32.654140"]]
  [1m[35m (3.2ms)[0m  [1m[36mcommit transaction[0m
  [1m[35m (0.1ms)[0m  [1m[36mbegin transaction[0m
  [1m[35mSQL (0.6ms)[0m  [1m[32mINSERT INTO "tags" ("name", "created_at", "updated_at") VALUES (?, ?, ?)[0m  [["name", "Colorful"], ["created_at", "2019-03-25 16:51:32.662976"], ["updated_at", "2019-03-25 16:51:32.662976"]]
  [1m[35m (1.8ms)[0m  [1m[36mcommit transaction[0m
  [1m[35m (0.1ms)[0m  [1m[36mbegin transaction[0m
  [1m[35mSQL (0.6ms)[0m  [1m[32mINSERT INTO "tags" ("name", "created_at", "updated_at") VALUES (?, ?, ?)[0m  [["name", "Vintage"], ["created_at", "2019-03-25 16:51:32.668040"], ["updated_at", "2019-03-25 16:51:32.668040"]]
  [1m[35m (1.0ms)[0m  [1m[36mcommit transaction[0m
  [1m[35m (0.1ms)[0m  [1m[36mbegin transaction[0m
  [1m[35mSQL (2.6ms)[0m  [1m[32mINSERT INTO "posts_tags" ("post_id", "tag_id", "created_at", "updated_at") VALUES (?, ?, ?, ?)[0m  [["post_id", 1], ["tag_id", 1], ["created_at", "2019-03-25 16:51:32.720780"], ["updated_at", "2019-03-25 16:51:32.720780"]]
  [1m[35m (1.0ms)[0m  [1m[36mcommit transaction[0m
  [1m[35m (0.1ms)[0m  [1m[36mbegin transaction[0m
  [1m[35mSQL (0.6ms)[0m  [1m[32mINSERT INTO "posts_tags" ("post_id", "tag_id", "created_at", "updated_at") VALUES (?, ?, ?, ?)[0m  [["post_id", 2], ["tag_id", 2], ["created_at", "2019-03-25 16:51:32.729815"], ["updated_at", "2019-03-25 16:51:32.729815"]]
  [1m[35m (2.0ms)[0m  [1m[36mcommit transaction[0m
  [1m[35m (0.1ms)[0m  [1m[36mbegin transaction[0m
  [1m[35mSQL (0.5ms)[0m  [1m[32mINSERT INTO "posts_tags" ("post_id", "tag_id", "created_at", "updated_at") VALUES (?, ?, ?, ?)[0m  [["post_id", 3], ["tag_id", 3], ["created_at", "2019-03-25 16:51:32.734812"], ["updated_at", "2019-03-25 16:51:32.734812"]]
  [1m[35m (1.2ms)[0m  [1m[36mcommit transaction[0m
  [1m[35m (0.1ms)[0m  [1m[36mbegin transaction[0m
  [1m[35mSQL (0.4ms)[0m  [1m[32mINSERT INTO "posts_tags" ("post_id", "tag_id", "created_at", "updated_at") VALUES (?, ?, ?, ?)[0m  [["post_id", 4], ["tag_id", 4], ["created_at", "2019-03-25 16:51:32.738740"], ["updated_at", "2019-03-25 16:51:32.738740"]]
  [1m[35m (1.2ms)[0m  [1m[36mcommit transaction[0m
  [1m[35m (0.1ms)[0m  [1m[36mbegin transaction[0m
  [1m[35mSQL (0.4ms)[0m  [1m[32mINSERT INTO "posts_tags" ("post_id", "tag_id", "created_at", "updated_at") VALUES (?, ?, ?, ?)[0m  [["post_id", 5], ["tag_id", 5], ["created_at", "2019-03-25 16:51:32.742480"], ["updated_at", "2019-03-25 16:51:32.742480"]]
  [1m[35m (1.0ms)[0m  [1m[36mcommit transaction[0m
  [1m[35m (0.8ms)[0m  [1m[34mSELECT "schema_migrations"."version" FROM "schema_migrations" ORDER BY "schema_migrations"."version" ASC[0m
  [1m[35m (1.1ms)[0m  [1m[34mSELECT "ar_internal_metadata"."value" FROM "ar_internal_metadata" WHERE "ar_internal_metadata"."key" = ?[0m  [["key", "environment"]]
  [1m[35m (0.1ms)[0m  [1m[34mSELECT "schema_migrations"."version" FROM "schema_migrations" ORDER BY "schema_migrations"."version" ASC[0m
  [1m[35m (0.1ms)[0m  [1m[34mSELECT "ar_internal_metadata"."value" FROM "ar_internal_metadata" WHERE "ar_internal_metadata"."key" = ?[0m  [["key", "environment"]]
  [1m[35m (0.1ms)[0m  [1m[34mSELECT "schema_migrations"."version" FROM "schema_migrations" ORDER BY "schema_migrations"."version" ASC[0m
  [1m[35m (0.1ms)[0m  [1m[34mSELECT "ar_internal_metadata"."value" FROM "ar_internal_metadata" WHERE "ar_internal_metadata"."key" = ?[0m  [["key", "environment"]]
  [1m[35m (0.2ms)[0m  [1m[34mSELECT sqlite_version(*)[0m
  [1m[35m (2.1ms)[0m  [1m[35mCREATE TABLE "schema_migrations" ("version" varchar NOT NULL PRIMARY KEY)[0m
  [1m[35m (1.4ms)[0m  [1m[35mCREATE TABLE "ar_internal_metadata" ("key" varchar NOT NULL PRIMARY KEY, "value" varchar, "created_at" datetime NOT NULL, "updated_at" datetime NOT NULL)[0m
  [1m[35m (0.2ms)[0m  [1m[34mSELECT "schema_migrations"."version" FROM "schema_migrations" ORDER BY "schema_migrations"."version" ASC[0m
  [1m[35m (0.3ms)[0m  [1m[34mSELECT "schema_migrations"."version" FROM "schema_migrations" ORDER BY "schema_migrations"."version" ASC[0m
Migrating to CreateUsers (20190325133334)
  [1m[35m (0.1ms)[0m  [1m[36mbegin transaction[0m
  [1m[35m (0.2ms)[0m  [1m[34mSELECT sqlite_version(*)[0m
  [1m[35m (1.0ms)[0m  [1m[35mCREATE TABLE "users" ("id" INTEGER PRIMARY KEY AUTOINCREMENT NOT NULL, "username" varchar, "first_name" varchar, "last_name" varchar, "bio" varchar, "created_at" datetime NOT NULL, "updated_at" datetime NOT NULL)[0m
  [1m[35mSQL (0.3ms)[0m  [1m[32mINSERT INTO "schema_migrations" ("version") VALUES (?)[0m  [["version", "20190325133334"]]
  [1m[35m (1.0ms)[0m  [1m[36mcommit transaction[0m
Migrating to CreatePosts (20190325134623)
  [1m[35m (0.1ms)[0m  [1m[36mbegin transaction[0m
  [1m[35m (0.8ms)[0m  [1m[35mCREATE TABLE "posts" ("id" INTEGER PRIMARY KEY AUTOINCREMENT NOT NULL, "img_url" varchar, "title" varchar, "description" varchar, "user_id" integer, "created_at" datetime NOT NULL, "updated_at" datetime NOT NULL, CONSTRAINT "fk_rails_5b5ddfd518"
FOREIGN KEY ("user_id")
  REFERENCES "users" ("id")
)[0m
  [1m[35m (0.3ms)[0m  [1m[35mCREATE  INDEX "index_posts_on_user_id" ON "posts" ("user_id")[0m
  [1m[35mSQL (0.3ms)[0m  [1m[32mINSERT INTO "schema_migrations" ("version") VALUES (?)[0m  [["version", "20190325134623"]]
  [1m[35m (1.1ms)[0m  [1m[36mcommit transaction[0m
Migrating to CreateComments (20190325135119)
  [1m[35m (0.1ms)[0m  [1m[36mbegin transaction[0m
  [1m[35m (1.0ms)[0m  [1m[35mCREATE TABLE "comments" ("id" INTEGER PRIMARY KEY AUTOINCREMENT NOT NULL, "text" varchar, "user_id" integer, "post_id" integer, "created_at" datetime NOT NULL, "updated_at" datetime NOT NULL, CONSTRAINT "fk_rails_03de2dc08c"
FOREIGN KEY ("user_id")
  REFERENCES "users" ("id")
, CONSTRAINT "fk_rails_2fd19c0db7"
FOREIGN KEY ("post_id")
  REFERENCES "posts" ("id")
)[0m
  [1m[35m (0.3ms)[0m  [1m[35mCREATE  INDEX "index_comments_on_user_id" ON "comments" ("user_id")[0m
  [1m[35m (0.2ms)[0m  [1m[34m            SELECT sql
            FROM sqlite_master
            WHERE name='index_comments_on_user_id' AND type='index'
            UNION ALL
            SELECT sql
            FROM sqlite_temp_master
            WHERE name='index_comments_on_user_id' AND type='index'
[0m
  [1m[35m (0.3ms)[0m  [1m[35mCREATE  INDEX "index_comments_on_post_id" ON "comments" ("post_id")[0m
  [1m[35mSQL (0.2ms)[0m  [1m[32mINSERT INTO "schema_migrations" ("version") VALUES (?)[0m  [["version", "20190325135119"]]
  [1m[35m (1.0ms)[0m  [1m[36mcommit transaction[0m
Migrating to CreateTags (20190325135603)
  [1m[35m (0.1ms)[0m  [1m[36mbegin transaction[0m
  [1m[35m (1.1ms)[0m  [1m[35mCREATE TABLE "tags" ("id" INTEGER PRIMARY KEY AUTOINCREMENT NOT NULL, "name" varchar, "created_at" datetime NOT NULL, "updated_at" datetime NOT NULL)[0m
  [1m[35mSQL (0.3ms)[0m  [1m[32mINSERT INTO "schema_migrations" ("version") VALUES (?)[0m  [["version", "20190325135603"]]
  [1m[35m (1.4ms)[0m  [1m[36mcommit transaction[0m
Migrating to CreatePostsTags (20190325140435)
  [1m[35m (0.2ms)[0m  [1m[36mbegin transaction[0m
  [1m[35m (1.1ms)[0m  [1m[35mCREATE TABLE "posts_tags" ("id" INTEGER PRIMARY KEY AUTOINCREMENT NOT NULL, "post_id" integer, "tag_id" integer, "created_at" datetime NOT NULL, "updated_at" datetime NOT NULL, CONSTRAINT "fk_rails_07fc65c276"
FOREIGN KEY ("post_id")
  REFERENCES "posts" ("id")
, CONSTRAINT "fk_rails_1997ccaabe"
FOREIGN KEY ("tag_id")
  REFERENCES "tags" ("id")
)[0m
  [1m[35m (0.2ms)[0m  [1m[35mCREATE  INDEX "index_posts_tags_on_post_id" ON "posts_tags" ("post_id")[0m
  [1m[35m (0.6ms)[0m  [1m[34m            SELECT sql
            FROM sqlite_master
            WHERE name='index_posts_tags_on_post_id' AND type='index'
            UNION ALL
            SELECT sql
            FROM sqlite_temp_master
            WHERE name='index_posts_tags_on_post_id' AND type='index'
[0m
  [1m[35m (0.4ms)[0m  [1m[35mCREATE  INDEX "index_posts_tags_on_tag_id" ON "posts_tags" ("tag_id")[0m
  [1m[35mSQL (0.3ms)[0m  [1m[32mINSERT INTO "schema_migrations" ("version") VALUES (?)[0m  [["version", "20190325140435"]]
  [1m[35m (0.9ms)[0m  [1m[36mcommit transaction[0m
Migrating to CreateLikes (20190325140711)
  [1m[35m (0.1ms)[0m  [1m[36mbegin transaction[0m
  [1m[35m (0.6ms)[0m  [1m[35mCREATE TABLE "likes" ("id" INTEGER PRIMARY KEY AUTOINCREMENT NOT NULL, "post_id" integer, "user_id" integer, "created_at" datetime NOT NULL, "updated_at" datetime NOT NULL, CONSTRAINT "fk_rails_87a8aac469"
FOREIGN KEY ("post_id")
  REFERENCES "posts" ("id")
, CONSTRAINT "fk_rails_1e09b5dabf"
FOREIGN KEY ("user_id")
  REFERENCES "users" ("id")
)[0m
  [1m[35m (0.2ms)[0m  [1m[35mCREATE  INDEX "index_likes_on_post_id" ON "likes" ("post_id")[0m
  [1m[35m (0.1ms)[0m  [1m[34m            SELECT sql
            FROM sqlite_master
            WHERE name='index_likes_on_post_id' AND type='index'
            UNION ALL
            SELECT sql
            FROM sqlite_temp_master
            WHERE name='index_likes_on_post_id' AND type='index'
[0m
  [1m[35m (0.2ms)[0m  [1m[35mCREATE  INDEX "index_likes_on_user_id" ON "likes" ("user_id")[0m
  [1m[35mSQL (1.2ms)[0m  [1m[32mINSERT INTO "schema_migrations" ("version") VALUES (?)[0m  [["version", "20190325140711"]]
  [1m[35m (1.1ms)[0m  [1m[36mcommit transaction[0m
  [1m[36mActiveRecord::InternalMetadata Load (0.3ms)[0m  [1m[34mSELECT  "ar_internal_metadata".* FROM "ar_internal_metadata" WHERE "ar_internal_metadata"."key" = ? LIMIT ?[0m  [["key", "environment"], ["LIMIT", 1]]
  [1m[35m (0.1ms)[0m  [1m[36mbegin transaction[0m
  [1m[35mSQL (0.6ms)[0m  [1m[32mINSERT INTO "ar_internal_metadata" ("key", "value", "created_at", "updated_at") VALUES (?, ?, ?, ?)[0m  [["key", "environment"], ["value", "development"], ["created_at", "2019-03-25 16:52:26.556733"], ["updated_at", "2019-03-25 16:52:26.556733"]]
  [1m[35m (1.2ms)[0m  [1m[36mcommit transaction[0m
  [1m[35m (0.2ms)[0m  [1m[34mSELECT "schema_migrations"."version" FROM "schema_migrations" ORDER BY "schema_migrations"."version" ASC[0m
  [1m[35m (0.1ms)[0m  [1m[34m            SELECT sql
            FROM sqlite_master
            WHERE name='index_comments_on_post_id' AND type='index'
            UNION ALL
            SELECT sql
            FROM sqlite_temp_master
            WHERE name='index_comments_on_post_id' AND type='index'
[0m
  [1m[35m (0.1ms)[0m  [1m[34m            SELECT sql
            FROM sqlite_master
            WHERE name='index_comments_on_user_id' AND type='index'
            UNION ALL
            SELECT sql
            FROM sqlite_temp_master
            WHERE name='index_comments_on_user_id' AND type='index'
[0m
  [1m[35m (0.1ms)[0m  [1m[34m            SELECT sql
            FROM sqlite_master
            WHERE name='index_likes_on_user_id' AND type='index'
            UNION ALL
            SELECT sql
            FROM sqlite_temp_master
            WHERE name='index_likes_on_user_id' AND type='index'
[0m
  [1m[35m (0.2ms)[0m  [1m[34m            SELECT sql
            FROM sqlite_master
            WHERE name='index_likes_on_post_id' AND type='index'
            UNION ALL
            SELECT sql
            FROM sqlite_temp_master
            WHERE name='index_likes_on_post_id' AND type='index'
[0m
  [1m[35m (0.1ms)[0m  [1m[34m            SELECT sql
            FROM sqlite_master
            WHERE name='index_posts_on_user_id' AND type='index'
            UNION ALL
            SELECT sql
            FROM sqlite_temp_master
            WHERE name='index_posts_on_user_id' AND type='index'
[0m
  [1m[35m (0.1ms)[0m  [1m[34m            SELECT sql
            FROM sqlite_master
            WHERE name='index_posts_tags_on_tag_id' AND type='index'
            UNION ALL
            SELECT sql
            FROM sqlite_temp_master
            WHERE name='index_posts_tags_on_tag_id' AND type='index'
[0m
  [1m[35m (0.1ms)[0m  [1m[34m            SELECT sql
            FROM sqlite_master
            WHERE name='index_posts_tags_on_post_id' AND type='index'
            UNION ALL
            SELECT sql
            FROM sqlite_temp_master
            WHERE name='index_posts_tags_on_post_id' AND type='index'
[0m
  [1m[35m (0.2ms)[0m  [1m[34mSELECT "schema_migrations"."version" FROM "schema_migrations" ORDER BY "schema_migrations"."version" ASC[0m
  [1m[35mSQL (0.3ms)[0m  [1m[31mDELETE FROM "users"[0m
  [1m[35mSQL (0.2ms)[0m  [1m[31mDELETE FROM "posts"[0m
  [1m[35mSQL (0.3ms)[0m  [1m[31mDELETE FROM "tags"[0m
  [1m[35mSQL (0.3ms)[0m  [1m[31mDELETE FROM "posts_tags"[0m
  [1m[35m (0.1ms)[0m  [1m[36mbegin transaction[0m
  [1m[35mSQL (0.5ms)[0m  [1m[32mINSERT INTO "users" ("username", "first_name", "last_name", "bio", "created_at", "updated_at") VALUES (?, ?, ?, ?, ?, ?)[0m  [["username", "zbb272"], ["first_name", "Zach"], ["last_name", "Berman"], ["bio", "Really amazing programmer extraordinarie"], ["created_at", "2019-03-25 16:52:43.432320"], ["updated_at", "2019-03-25 16:52:43.432320"]]
  [1m[35m (1.2ms)[0m  [1m[36mcommit transaction[0m
  [1m[35m (0.1ms)[0m  [1m[36mbegin transaction[0m
  [1m[35mSQL (0.4ms)[0m  [1m[32mINSERT INTO "users" ("username", "first_name", "last_name", "bio", "created_at", "updated_at") VALUES (?, ?, ?, ?, ?, ?)[0m  [["username", "bmnumbernumbernumber"], ["first_name", "Ben"], ["last_name", "Manekin"], ["bio", "Just a cool dude"], ["created_at", "2019-03-25 16:52:43.436611"], ["updated_at", "2019-03-25 16:52:43.436611"]]
  [1m[35m (1.0ms)[0m  [1m[36mcommit transaction[0m
  [1m[35m (0.1ms)[0m  [1m[36mbegin transaction[0m
  [1m[35mSQL (0.4ms)[0m  [1m[32mINSERT INTO "users" ("username", "first_name", "last_name", "bio", "created_at", "updated_at") VALUES (?, ?, ?, ?, ?, ?)[0m  [["username", "duke"], ["first_name", "Sean"], ["last_name", "Lucius"], ["bio", "gets mad ass "], ["created_at", "2019-03-25 16:52:43.439614"], ["updated_at", "2019-03-25 16:52:43.439614"]]
  [1m[35m (1.0ms)[0m  [1m[36mcommit transaction[0m
  [1m[35m (0.1ms)[0m  [1m[36mbegin transaction[0m
  [1m[35mSQL (2.2ms)[0m  [1m[32mINSERT INTO "users" ("username", "first_name", "last_name", "bio", "created_at", "updated_at") VALUES (?, ?, ?, ?, ?, ?)[0m  [["username", "minute"], ["first_name", "Miguel"], ["last_name", "Morales"], ["bio", "I'll write this later"], ["created_at", "2019-03-25 16:52:43.442909"], ["updated_at", "2019-03-25 16:52:43.442909"]]
  [1m[35m (1.6ms)[0m  [1m[36mcommit transaction[0m
  [1m[35m (0.1ms)[0m  [1m[36mbegin transaction[0m
  [1m[35mSQL (0.8ms)[0m  [1m[32mINSERT INTO "posts" ("img_url", "title", "description", "user_id", "created_at", "updated_at") VALUES (?, ?, ?, ?, ?, ?)[0m  [["img_url", "https://images.pexels.com/photos/2025839/pexels-photo-2025839.jpeg?auto=compress&cs=tinysrgb&dpr=1&w=500"], ["title", "Sticks"], ["description", "here is a really good stick"], ["user_id", 1], ["created_at", "2019-03-25 16:52:43.521827"], ["updated_at", "2019-03-25 16:52:43.521827"]]
  [1m[35m (1.0ms)[0m  [1m[36mcommit transaction[0m
  [1m[35m (0.1ms)[0m  [1m[36mbegin transaction[0m
  [1m[35mSQL (0.6ms)[0m  [1m[32mINSERT INTO "posts" ("img_url", "title", "description", "user_id", "created_at", "updated_at") VALUES (?, ?, ?, ?, ?, ?)[0m  [["img_url", "https://images.pexels.com/photos/2032249/pexels-photo-2032249.jpeg?auto=compress&cs=tinysrgb&dpr=1&w=500"], ["title", "Lady"], ["description", "here is a sleeping lady"], ["user_id", 2], ["created_at", "2019-03-25 16:52:43.527521"], ["updated_at", "2019-03-25 16:52:43.527521"]]
  [1m[35m (1.3ms)[0m  [1m[36mcommit transaction[0m
  [1m[35m (0.4ms)[0m  [1m[36mbegin transaction[0m
  [1m[35mSQL (0.5ms)[0m  [1m[32mINSERT INTO "posts" ("img_url", "title", "description", "user_id", "created_at", "updated_at") VALUES (?, ?, ?, ?, ?, ?)[0m  [["img_url", "https://images.pexels.com/photos/1405773/pexels-photo-1405773.jpeg?auto=compress&cs=tinysrgb&dpr=1&w=500"], ["title", "Leafs"], ["description", "here is a leaves in milk"], ["user_id", 3], ["created_at", "2019-03-25 16:52:43.532222"], ["updated_at", "2019-03-25 16:52:43.532222"]]
  [1m[35m (1.6ms)[0m  [1m[36mcommit transaction[0m
  [1m[35m (0.6ms)[0m  [1m[36mbegin transaction[0m
  [1m[35mSQL (0.6ms)[0m  [1m[32mINSERT INTO "posts" ("img_url", "title", "description", "user_id", "created_at", "updated_at") VALUES (?, ?, ?, ?, ?, ?)[0m  [["img_url", "https://images.pexels.com/photos/1769408/pexels-photo-1769408.jpeg?auto=compress&cs=tinysrgb&dpr=1&w=500"], ["title", "Window"], ["description", "here is a window"], ["user_id", 4], ["created_at", "2019-03-25 16:52:43.537387"], ["updated_at", "2019-03-25 16:52:43.537387"]]
  [1m[35m (0.8ms)[0m  [1m[36mcommit transaction[0m
  [1m[35m (0.1ms)[0m  [1m[36mbegin transaction[0m
  [1m[35mSQL (0.9ms)[0m  [1m[32mINSERT INTO "posts" ("img_url", "title", "description", "user_id", "created_at", "updated_at") VALUES (?, ?, ?, ?, ?, ?)[0m  [["img_url", "https://images.pexels.com/photos/1829190/pexels-photo-1829190.jpeg?auto=compress&cs=tinysrgb&dpr=1&w=500"], ["title", "Fence"], ["description", "here is a broken fence"], ["user_id", 1], ["created_at", "2019-03-25 16:52:43.540928"], ["updated_at", "2019-03-25 16:52:43.540928"]]
  [1m[35m (1.1ms)[0m  [1m[36mcommit transaction[0m
  [1m[35m (0.1ms)[0m  [1m[36mbegin transaction[0m
  [1m[35mSQL (0.5ms)[0m  [1m[32mINSERT INTO "tags" ("name", "created_at", "updated_at") VALUES (?, ?, ?)[0m  [["name", "Nature"], ["created_at", "2019-03-25 16:52:43.571247"], ["updated_at", "2019-03-25 16:52:43.571247"]]
  [1m[35m (0.9ms)[0m  [1m[36mcommit transaction[0m
  [1m[35m (0.1ms)[0m  [1m[36mbegin transaction[0m
  [1m[35mSQL (0.8ms)[0m  [1m[32mINSERT INTO "tags" ("name", "created_at", "updated_at") VALUES (?, ?, ?)[0m  [["name", "Weather"], ["created_at", "2019-03-25 16:52:43.577337"], ["updated_at", "2019-03-25 16:52:43.577337"]]
  [1m[35m (1.6ms)[0m  [1m[36mcommit transaction[0m
  [1m[35m (0.1ms)[0m  [1m[36mbegin transaction[0m
  [1m[35mSQL (2.0ms)[0m  [1m[32mINSERT INTO "tags" ("name", "created_at", "updated_at") VALUES (?, ?, ?)[0m  [["name", "Portait"], ["created_at", "2019-03-25 16:52:43.583095"], ["updated_at", "2019-03-25 16:52:43.583095"]]
  [1m[35m (1.4ms)[0m  [1m[36mcommit transaction[0m
  [1m[35m (0.1ms)[0m  [1m[36mbegin transaction[0m
  [1m[35mSQL (0.5ms)[0m  [1m[32mINSERT INTO "tags" ("name", "created_at", "updated_at") VALUES (?, ?, ?)[0m  [["name", "Colorful"], ["created_at", "2019-03-25 16:52:43.589530"], ["updated_at", "2019-03-25 16:52:43.589530"]]
  [1m[35m (1.9ms)[0m  [1m[36mcommit transaction[0m
  [1m[35m (0.1ms)[0m  [1m[36mbegin transaction[0m
  [1m[35mSQL (0.8ms)[0m  [1m[32mINSERT INTO "tags" ("name", "created_at", "updated_at") VALUES (?, ?, ?)[0m  [["name", "Vintage"], ["created_at", "2019-03-25 16:52:43.594039"], ["updated_at", "2019-03-25 16:52:43.594039"]]
  [1m[35m (1.7ms)[0m  [1m[36mcommit transaction[0m
  [1m[35m (0.1ms)[0m  [1m[36mbegin transaction[0m
  [1m[35mSQL (0.6ms)[0m  [1m[32mINSERT INTO "posts_tags" ("post_id", "tag_id", "created_at", "updated_at") VALUES (?, ?, ?, ?)[0m  [["post_id", 1], ["tag_id", 1], ["created_at", "2019-03-25 16:52:43.612443"], ["updated_at", "2019-03-25 16:52:43.612443"]]
  [1m[35m (1.4ms)[0m  [1m[36mcommit transaction[0m
  [1m[35m (0.1ms)[0m  [1m[36mbegin transaction[0m
  [1m[35mSQL (0.5ms)[0m  [1m[32mINSERT INTO "posts_tags" ("post_id", "tag_id", "created_at", "updated_at") VALUES (?, ?, ?, ?)[0m  [["post_id", 2], ["tag_id", 2], ["created_at", "2019-03-25 16:52:43.617284"], ["updated_at", "2019-03-25 16:52:43.617284"]]
  [1m[35m (0.9ms)[0m  [1m[36mcommit transaction[0m
  [1m[35m (0.1ms)[0m  [1m[36mbegin transaction[0m
  [1m[35mSQL (0.5ms)[0m  [1m[32mINSERT INTO "posts_tags" ("post_id", "tag_id", "created_at", "updated_at") VALUES (?, ?, ?, ?)[0m  [["post_id", 3], ["tag_id", 3], ["created_at", "2019-03-25 16:52:43.620916"], ["updated_at", "2019-03-25 16:52:43.620916"]]
  [1m[35m (1.6ms)[0m  [1m[36mcommit transaction[0m
  [1m[35m (0.4ms)[0m  [1m[36mbegin transaction[0m
  [1m[35mSQL (0.5ms)[0m  [1m[32mINSERT INTO "posts_tags" ("post_id", "tag_id", "created_at", "updated_at") VALUES (?, ?, ?, ?)[0m  [["post_id", 4], ["tag_id", 4], ["created_at", "2019-03-25 16:52:43.626264"], ["updated_at", "2019-03-25 16:52:43.626264"]]
  [1m[35m (1.0ms)[0m  [1m[36mcommit transaction[0m
  [1m[35m (0.1ms)[0m  [1m[36mbegin transaction[0m
  [1m[35mSQL (0.5ms)[0m  [1m[32mINSERT INTO "posts_tags" ("post_id", "tag_id", "created_at", "updated_at") VALUES (?, ?, ?, ?)[0m  [["post_id", 5], ["tag_id", 5], ["created_at", "2019-03-25 16:52:43.630105"], ["updated_at", "2019-03-25 16:52:43.630105"]]
  [1m[35m (0.8ms)[0m  [1m[36mcommit transaction[0m
